2025-06-09 14:47:16,511 INFO System Monitor: Starting system monitoring...
2025-06-09 14:47:16,515 INFO CPU: Usage: 10.0%
2025-06-09 14:47:16,516 INFO Memory: Usage: 50.2%
2025-06-09 14:47:16,603 INFO System Info: Hostname: DESKTOP-LM0QMOD
2025-06-09 14:47:16,603 INFO System Info: Operating System: Windows 11
2025-06-09 14:47:16,603 INFO System Info: Python Version: 3.13.2
2025-06-09 14:47:16,613 INFO Network: Bytes Sent: 104347529, Bytes Received: 1231506506
2025-06-09 14:47:16,613 INFO Software: Running Software:
2025-06-09 14:47:16,618 INFO Software: PID: 0, Name: System Idle Process, Username: NT AUTHORITY\SYSTEM
2025-06-09 14:47:16,618 INFO Software: PID: 4, Name: System, Username: NT AUTHORITY\SYSTEM
2025-06-09 14:47:16,623 INFO Software: PID: 236, Name: , Username: None
2025-06-09 14:47:16,628 INFO Software: PID: 280, Name: Registry, Username: None
2025-06-09 14:47:16,628 INFO Software: PID: 456, Name: Zalo.exe, Username: DESKTOP-LM0QMOD\admin
2025-06-09 14:47:16,632 INFO Software: PID: 764, Name: smss.exe, Username: None
2025-06-09 14:47:16,637 INFO Software: PID: 960, Name: NVDisplay.Container.exe, Username: None
2025-06-09 14:47:16,637 INFO Software: PID: 1080, Name: chrome.exe, Username: DESKTOP-LM0QMOD\admin
2025-06-09 14:47:16,642 INFO Software: PID: 1156, Name: svchost.exe, Username: None
2025-06-09 14:47:16,647 INFO Software: PID: 1168, Name: csrss.exe, Username: None
2025-06-09 14:47:16,651 INFO Software: PID: 1280, Name: wininit.exe, Username: None
2025-06-09 14:47:16,655 INFO Software: PID: 1352, Name: services.exe, Username: None
2025-06-09 14:47:16,659 INFO Software: PID: 1428, Name: LsaIso.exe, Username: None
2025-06-09 14:47:16,663 INFO Software: PID: 1436, Name: lsass.exe, Username: None
2025-06-09 14:47:16,667 INFO Software: PID: 1472, Name: SecurityHealthService.exe, Username: None
2025-06-09 14:47:16,668 INFO Software: PID: 1488, Name: chrome.exe, Username: DESKTOP-LM0QMOD\admin
2025-06-09 14:47:16,672 INFO Software: PID: 1592, Name: svchost.exe, Username: None
2025-06-09 14:47:16,677 INFO Software: PID: 1612, Name: svchost.exe, Username: None
2025-06-09 14:47:16,681 INFO Software: PID: 1632, Name: fontdrvhost.exe, Username: None
2025-06-09 14:47:16,685 INFO Software: PID: 1668, Name: WUDFHost.exe, Username: None
2025-06-09 14:47:16,689 INFO Software: PID: 1752, Name: svchost.exe, Username: None
2025-06-09 14:47:16,693 INFO Software: PID: 1808, Name: svchost.exe, Username: None
2025-06-09 14:47:16,697 INFO Software: PID: 1968, Name: svchost.exe, Username: None
2025-06-09 14:47:16,701 INFO Software: PID: 2024, Name: svchost.exe, Username: None
2025-06-09 14:47:16,705 INFO Software: PID: 2040, Name: svchost.exe, Username: None
2025-06-09 14:47:16,709 INFO Software: PID: 2132, Name: svchost.exe, Username: None
2025-06-09 14:47:16,712 INFO Software: PID: 2140, Name: svchost.exe, Username: None
2025-06-09 14:47:16,716 INFO Software: PID: 2240, Name: IntelCpHDCPSvc.exe, Username: None
2025-06-09 14:47:16,720 INFO Software: PID: 2248, Name: svchost.exe, Username: None
2025-06-09 14:47:16,724 INFO Software: PID: 2300, Name: svchost.exe, Username: None
2025-06-09 14:47:16,728 INFO Software: PID: 2308, Name: svchost.exe, Username: None
2025-06-09 14:47:16,733 INFO Software: PID: 2324, Name: svchost.exe, Username: None
2025-06-09 14:47:16,737 INFO Software: PID: 2332, Name: svchost.exe, Username: None
2025-06-09 14:47:16,741 INFO Software: PID: 2392, Name: svchost.exe, Username: None
2025-06-09 14:47:16,745 INFO Software: PID: 2572, Name: svchost.exe, Username: None
2025-06-09 14:47:16,749 INFO Software: PID: 2584, Name: svchost.exe, Username: None
2025-06-09 14:47:16,753 INFO Software: PID: 2684, Name: svchost.exe, Username: None
2025-06-09 14:47:16,756 INFO Software: PID: 2716, Name: svchost.exe, Username: None
2025-06-09 14:47:16,761 INFO Software: PID: 2848, Name: svchost.exe, Username: None
2025-06-09 14:47:16,764 INFO Software: PID: 2884, Name: NVDisplay.Container.exe, Username: None
2025-06-09 14:47:16,769 INFO Software: PID: 3020, Name: svchost.exe, Username: None
2025-06-09 14:47:16,773 INFO Software: PID: 3052, Name: svchost.exe, Username: None
2025-06-09 14:47:16,776 INFO Software: PID: 3080, Name: svchost.exe, Username: None
2025-06-09 14:47:16,780 INFO Software: PID: 3136, Name: WUDFHost.exe, Username: None
2025-06-09 14:47:16,784 INFO Software: PID: 3244, Name: MemCompression, Username: None
2025-06-09 14:47:16,787 INFO Software: PID: 3332, Name: svchost.exe, Username: None
2025-06-09 14:47:16,791 INFO Software: PID: 3384, Name: svchost.exe, Username: None
2025-06-09 14:47:16,795 INFO Software: PID: 3412, Name: svchost.exe, Username: None
2025-06-09 14:47:16,799 INFO Software: PID: 3452, Name: igfxCUIServiceN.exe, Username: None
2025-06-09 14:47:16,803 INFO Software: PID: 3520, Name: svchost.exe, Username: None
2025-06-09 14:47:16,807 INFO Software: PID: 3528, Name: svchost.exe, Username: None
2025-06-09 14:47:16,811 INFO Software: PID: 3616, Name: svchost.exe, Username: None
2025-06-09 14:47:16,814 INFO Software: PID: 3668, Name: LMS.exe, Username: None
2025-06-09 14:47:16,818 INFO Software: PID: 3696, Name: svchost.exe, Username: None
2025-06-09 14:47:16,822 INFO Software: PID: 3760, Name: svchost.exe, Username: None
2025-06-09 14:47:16,826 INFO Software: PID: 3808, Name: svchost.exe, Username: None
2025-06-09 14:47:16,830 INFO Software: PID: 3832, Name: svchost.exe, Username: None
2025-06-09 14:47:16,834 INFO Software: PID: 3996, Name: svchost.exe, Username: None
2025-06-09 14:47:16,838 INFO Software: PID: 4004, Name: svchost.exe, Username: None
2025-06-09 14:47:16,841 INFO Software: PID: 4012, Name: QHActiveDefense.exe, Username: None
2025-06-09 14:47:16,845 INFO Software: PID: 4068, Name: vmnat.exe, Username: None
2025-06-09 14:47:16,849 INFO Software: PID: 4204, Name: svchost.exe, Username: None
2025-06-09 14:47:16,852 INFO Software: PID: 4280, Name: svchost.exe, Username: None
2025-06-09 14:47:16,853 INFO Software: PID: 4304, Name: chrome.exe, Username: DESKTOP-LM0QMOD\admin
2025-06-09 14:47:16,857 INFO Software: PID: 4448, Name: svchost.exe, Username: None
2025-06-09 14:47:16,860 INFO Software: PID: 4504, Name: spoolsv.exe, Username: None
2025-06-09 14:47:16,864 INFO Software: PID: 4532, Name: svchost.exe, Username: None
2025-06-09 14:47:16,868 INFO Software: PID: 4580, Name: svchost.exe, Username: None
2025-06-09 14:47:16,868 INFO Software: PID: 4672, Name: chrome.exe, Username: DESKTOP-LM0QMOD\admin
2025-06-09 14:47:16,868 INFO Software: PID: 4780, Name: chrome.exe, Username: DESKTOP-LM0QMOD\admin
2025-06-09 14:47:16,873 INFO Software: PID: 4904, Name: svchost.exe, Username: None
2025-06-09 14:47:16,876 INFO Software: PID: 4912, Name: DtsApo4Service.exe, Username: None
2025-06-09 14:47:16,880 INFO Software: PID: 4920, Name: OfficeClickToRun.exe, Username: None
2025-06-09 14:47:16,884 INFO Software: PID: 4928, Name: jhi_service.exe, Username: None
2025-06-09 14:47:16,888 INFO Software: PID: 4940, Name: svchost.exe, Username: None
2025-06-09 14:47:16,892 INFO Software: PID: 4948, Name: svchost.exe, Username: None
2025-06-09 14:47:16,896 INFO Software: PID: 4980, Name: svchost.exe, Username: None
2025-06-09 14:47:16,899 INFO Software: PID: 4988, Name: svchost.exe, Username: None
2025-06-09 14:47:16,903 INFO Software: PID: 4996, Name: svchost.exe, Username: None
2025-06-09 14:47:16,907 INFO Software: PID: 5004, Name: sqlwriter.exe, Username: None
2025-06-09 14:47:16,910 INFO Software: PID: 5020, Name: svchost.exe, Username: None
2025-06-09 14:47:16,913 INFO Software: PID: 5028, Name: KillerAnalyticsService.exe, Username: None
2025-06-09 14:47:16,917 INFO Software: PID: 5036, Name: svchost.exe, Username: None
2025-06-09 14:47:16,920 INFO Software: PID: 5044, Name: RtkAudUService64.exe, Username: None
2025-06-09 14:47:16,924 INFO Software: PID: 5052, Name: vmnetdhcp.exe, Username: None
2025-06-09 14:47:16,928 INFO Software: PID: 5060, Name: RstMwService.exe, Username: None
2025-06-09 14:47:16,931 INFO Software: PID: 5068, Name: svchost.exe, Username: None
2025-06-09 14:47:16,935 INFO Software: PID: 5076, Name: svchost.exe, Username: None
2025-06-09 14:47:16,938 INFO Software: PID: 5084, Name: OneApp.IGCC.WinService.exe, Username: None
2025-06-09 14:47:16,942 INFO Software: PID: 5100, Name: servicehost.exe, Username: None
2025-06-09 14:47:16,945 INFO Software: PID: 5108, Name: IntelAudioService.exe, Username: None
2025-06-09 14:47:16,949 INFO Software: PID: 5164, Name: esif_uf.exe, Username: None
2025-06-09 14:47:16,953 INFO Software: PID: 5176, Name: TeamViewer_Service.exe, Username: None
2025-06-09 14:47:16,956 INFO Software: PID: 5192, Name: svchost.exe, Username: None
2025-06-09 14:47:16,957 INFO Software: PID: 5352, Name: chrome.exe, Username: DESKTOP-LM0QMOD\admin
2025-06-09 14:47:16,961 INFO Software: PID: 5424, Name: vmware-authd.exe, Username: None
2025-06-09 14:47:16,965 INFO Software: PID: 5444, Name: vmware-usbarbitrator64.exe, Username: None
2025-06-09 14:47:16,965 INFO Software: PID: 5536, Name: msedgewebview2.exe, Username: DESKTOP-LM0QMOD\admin
2025-06-09 14:47:16,970 INFO Software: PID: 5572, Name: KillerNetworkService.exe, Username: None
2025-06-09 14:47:16,977 INFO Software: PID: 5696, Name: svchost.exe, Username: None
2025-06-09 14:47:16,984 INFO Software: PID: 5732, Name: svchost.exe, Username: None
2025-06-09 14:47:16,988 INFO Software: PID: 5780, Name: svchost.exe, Username: None
2025-06-09 14:47:16,989 INFO Software: PID: 5804, Name: chrome.exe, Username: DESKTOP-LM0QMOD\admin
2025-06-09 14:47:16,994 INFO Software: PID: 5892, Name: svchost.exe, Username: None
2025-06-09 14:47:16,995 INFO Software: PID: 6052, Name: ShellHost.exe, Username: DESKTOP-LM0QMOD\admin
2025-06-09 14:47:16,999 INFO Software: PID: 6452, Name: sqlservr.exe, Username: None
2025-06-09 14:47:17,000 INFO Software: PID: 7200, Name: wpscloudsvr.exe, Username: DESKTOP-LM0QMOD\admin
2025-06-09 14:47:17,004 INFO Software: PID: 7264, Name: KAPSService.exe, Username: None
2025-06-09 14:47:17,008 INFO Software: PID: 7384, Name: SearchIndexer.exe, Username: None
2025-06-09 14:47:17,012 INFO Software: PID: 7528, Name: KAPS.exe, Username: None
2025-06-09 14:47:17,016 INFO Software: PID: 7548, Name: conhost.exe, Username: None
2025-06-09 14:47:17,016 INFO Software: PID: 7908, Name: ShellExperienceHost.exe, Username: DESKTOP-LM0QMOD\admin
2025-06-09 14:47:17,020 INFO Software: PID: 8292, Name: QHWatchdog.exe, Username: None
2025-06-09 14:47:17,020 INFO Software: PID: 8492, Name: ZaloCap.exe, Username: DESKTOP-LM0QMOD\admin
2025-06-09 14:47:17,024 INFO Software: PID: 8748, Name: AggregatorHost.exe, Username: None
2025-06-09 14:47:17,025 INFO Software: PID: 8788, Name: WidgetService.exe, Username: DESKTOP-LM0QMOD\admin
2025-06-09 14:47:17,028 INFO Software: PID: 8800, Name: svchost.exe, Username: None
2025-06-09 14:47:17,032 INFO Software: PID: 8844, Name: svchost.exe, Username: None
2025-06-09 14:47:17,035 INFO Software: PID: 9056, Name: svchost.exe, Username: None
2025-06-09 14:47:17,036 INFO Software: PID: 9080, Name: PhoneExperienceHost.exe, Username: DESKTOP-LM0QMOD\admin
2025-06-09 14:47:17,036 INFO Software: PID: 9136, Name: python.exe, Username: DESKTOP-LM0QMOD\admin
2025-06-09 14:47:17,040 INFO Software: PID: 9196, Name: svchost.exe, Username: None
2025-06-09 14:47:17,040 INFO Software: PID: 9608, Name: svchost.exe, Username: DESKTOP-LM0QMOD\admin
2025-06-09 14:47:17,044 INFO Software: PID: 10100, Name: WmiPrvSE.exe, Username: None
2025-06-09 14:47:17,047 INFO Software: PID: 10288, Name: svchost.exe, Username: None
2025-06-09 14:47:17,051 INFO Software: PID: 10296, Name: svchost.exe, Username: None
2025-06-09 14:47:17,055 INFO Software: PID: 10328, Name: svchost.exe, Username: None
2025-06-09 14:47:17,055 INFO Software: PID: 10488, Name: uihost.exe, Username: DESKTOP-LM0QMOD\admin
2025-06-09 14:47:17,055 INFO Software: PID: 10596, Name: backgroundTaskHost.exe, Username: DESKTOP-LM0QMOD\admin
2025-06-09 14:47:17,056 INFO Software: PID: 10964, Name: igfxEMN.exe, Username: DESKTOP-LM0QMOD\admin
2025-06-09 14:47:17,060 INFO Software: PID: 10984, Name: svchost.exe, Username: None
2025-06-09 14:47:17,060 INFO Software: PID: 11140, Name: svchost.exe, Username: DESKTOP-LM0QMOD\admin
2025-06-09 14:47:17,060 INFO Software: PID: 11144, Name: RuntimeBroker.exe, Username: DESKTOP-LM0QMOD\admin
2025-06-09 14:47:17,061 INFO Software: PID: 11984, Name: svchost.exe, Username: DESKTOP-LM0QMOD\admin
2025-06-09 14:47:17,061 INFO Software: PID: 12024, Name: Zalo.exe, Username: DESKTOP-LM0QMOD\admin
2025-06-09 14:47:17,064 INFO Software: PID: 12044, Name: svchost.exe, Username: None
2025-06-09 14:47:17,065 INFO Software: PID: 12744, Name: ApplicationFrameHost.exe, Username: DESKTOP-LM0QMOD\admin
2025-06-09 14:47:17,065 INFO Software: PID: 12860, Name: chrome.exe, Username: DESKTOP-LM0QMOD\admin
2025-06-09 14:47:17,069 INFO Software: PID: 12888, Name: winlogon.exe, Username: None
2025-06-09 14:47:17,069 INFO Software: PID: 13008, Name: chrome.exe, Username: DESKTOP-LM0QMOD\admin
2025-06-09 14:47:17,073 INFO Software: PID: 13172, Name: wlanext.exe, Username: None
2025-06-09 14:47:17,073 INFO Software: PID: 13340, Name: RtkAudUService64.exe, Username: DESKTOP-LM0QMOD\admin
2025-06-09 14:47:17,077 INFO Software: PID: 13448, Name: sqlservr.exe, Username: None
2025-06-09 14:47:17,077 INFO Software: PID: 13464, Name: wpscenter.exe, Username: DESKTOP-LM0QMOD\admin
2025-06-09 14:47:17,082 INFO Software: PID: 13488, Name: svchost.exe, Username: None
2025-06-09 14:47:17,085 INFO Software: PID: 13516, Name: svchost.exe, Username: None
2025-06-09 14:47:17,085 INFO Software: PID: 13596, Name: Code.exe, Username: DESKTOP-LM0QMOD\admin
2025-06-09 14:47:17,089 INFO Software: PID: 13952, Name: svchost.exe, Username: None
2025-06-09 14:47:17,089 INFO Software: PID: 14116, Name: QHSafeTray.exe, Username: DESKTOP-LM0QMOD\admin
2025-06-09 14:47:17,093 INFO Software: PID: 14508, Name: sqlservr.exe, Username: None
2025-06-09 14:47:17,098 INFO Software: PID: 15164, Name: sqlservr.exe, Username: None
2025-06-09 14:47:17,098 INFO Software: PID: 15452, Name: Code.exe, Username: DESKTOP-LM0QMOD\admin
2025-06-09 14:47:17,102 INFO Software: PID: 15468, Name: svchost.exe, Username: None
2025-06-09 14:47:17,106 INFO Software: PID: 15900, Name: svchost.exe, Username: None
2025-06-09 14:47:17,111 INFO Software: PID: 15988, Name: sqlceip.exe, Username: None
2025-06-09 14:47:17,116 INFO Software: PID: 15996, Name: svchost.exe, Username: None
2025-06-09 14:47:17,120 INFO Software: PID: 16072, Name: sqlceip.exe, Username: None
2025-06-09 14:47:17,124 INFO Software: PID: 16160, Name: sqlceip.exe, Username: None
2025-06-09 14:47:17,129 INFO Software: PID: 16324, Name: sqlceip.exe, Username: None
2025-06-09 14:47:17,132 INFO Software: PID: 16656, Name: WmiPrvSE.exe, Username: None
2025-06-09 14:47:17,133 INFO Software: PID: 17648, Name: RuntimeBroker.exe, Username: DESKTOP-LM0QMOD\admin
2025-06-09 14:47:17,133 INFO Software: PID: 18200, Name: SearchHost.exe, Username: DESKTOP-LM0QMOD\admin
2025-06-09 14:47:17,134 INFO Software: PID: 18312, Name: Code.exe, Username: DESKTOP-LM0QMOD\admin
2025-06-09 14:47:17,134 INFO Software: PID: 18404, Name: svchost.exe, Username: DESKTOP-LM0QMOD\admin
2025-06-09 14:47:17,134 INFO Software: PID: 18604, Name: UserOOBEBroker.exe, Username: DESKTOP-LM0QMOD\admin
2025-06-09 14:47:17,134 INFO Software: PID: 18828, Name: msedgewebview2.exe, Username: DESKTOP-LM0QMOD\admin
2025-06-09 14:47:17,135 INFO Software: PID: 18844, Name: RuntimeBroker.exe, Username: DESKTOP-LM0QMOD\admin
2025-06-09 14:47:17,139 INFO Software: PID: 18868, Name: RtkAudUService64.exe, Username: None
2025-06-09 14:47:17,139 INFO Software: PID: 19032, Name: Code.exe, Username: DESKTOP-LM0QMOD\admin
2025-06-09 14:47:17,139 INFO Software: PID: 19324, Name: Zalo.exe, Username: DESKTOP-LM0QMOD\admin
2025-06-09 14:47:17,139 INFO Software: PID: 19604, Name: msedgewebview2.exe, Username: DESKTOP-LM0QMOD\admin
2025-06-09 14:47:17,144 INFO Software: PID: 19608, Name: svchost.exe, Username: None
2025-06-09 14:47:17,148 INFO Software: PID: 19860, Name: svchost.exe, Username: None
2025-06-09 14:47:17,149 INFO Software: PID: 20208, Name: Zalo.exe, Username: DESKTOP-LM0QMOD\admin
2025-06-09 14:47:17,149 INFO Software: PID: 20624, Name: Code.exe, Username: DESKTOP-LM0QMOD\admin
2025-06-09 14:47:17,149 INFO Software: PID: 20880, Name: chrome.exe, Username: DESKTOP-LM0QMOD\admin
2025-06-09 14:47:17,150 INFO Software: PID: 20944, Name: svchost.exe, Username: DESKTOP-LM0QMOD\admin
2025-06-09 14:47:17,150 INFO Software: PID: 20984, Name: msedgewebview2.exe, Username: DESKTOP-LM0QMOD\admin
2025-06-09 14:47:17,154 INFO Software: PID: 21016, Name: SearchProtocolHost.exe, Username: None
2025-06-09 14:47:17,154 INFO Software: PID: 21380, Name: Code.exe, Username: DESKTOP-LM0QMOD\admin
2025-06-09 14:47:17,155 INFO Software: PID: 21500, Name: ZaloCall.exe, Username: DESKTOP-LM0QMOD\admin
2025-06-09 14:47:17,155 INFO Software: PID: 21680, Name: taskhostw.exe, Username: DESKTOP-LM0QMOD\admin
2025-06-09 14:47:17,155 INFO Software: PID: 21752, Name: Code.exe, Username: DESKTOP-LM0QMOD\admin
2025-06-09 14:47:17,155 INFO Software: PID: 21876, Name: audiodg.exe, Username: None
2025-06-09 14:47:17,155 INFO Software: PID: 21960, Name: svchost.exe, Username: DESKTOP-LM0QMOD\admin
2025-06-09 14:47:17,156 INFO Software: PID: 21968, Name: Zalo.exe, Username: DESKTOP-LM0QMOD\admin
2025-06-09 14:47:17,156 INFO Software: PID: 21996, Name: chrome.exe, Username: DESKTOP-LM0QMOD\admin
2025-06-09 14:47:17,156 INFO Software: PID: 22092, Name: Zalo.exe, Username: DESKTOP-LM0QMOD\admin
2025-06-09 14:47:17,156 INFO Software: PID: 22380, Name: powershell.exe, Username: DESKTOP-LM0QMOD\admin
2025-06-09 14:47:17,160 INFO Software: PID: 22640, Name: WmiPrvSE.exe, Username: None
2025-06-09 14:47:17,161 INFO Software: PID: 22648, Name: dllhost.exe, Username: DESKTOP-LM0QMOD\admin
2025-06-09 14:47:17,161 INFO Software: PID: 22784, Name: msedgewebview2.exe, Username: DESKTOP-LM0QMOD\admin
2025-06-09 14:47:17,165 INFO Software: PID: 22912, Name: svchost.exe, Username: None
2025-06-09 14:47:17,166 INFO Software: PID: 23672, Name: Code.exe, Username: DESKTOP-LM0QMOD\admin
2025-06-09 14:47:17,166 INFO Software: PID: 23812, Name: chrome.exe, Username: DESKTOP-LM0QMOD\admin
2025-06-09 14:47:17,171 INFO Software: PID: 23884, Name: SearchFilterHost.exe, Username: None
2025-06-09 14:47:17,171 INFO Software: PID: 24452, Name: SecurityHealthSystray.exe, Username: DESKTOP-LM0QMOD\admin
2025-06-09 14:47:17,171 INFO Software: PID: 24572, Name: chrome.exe, Username: DESKTOP-LM0QMOD\admin
2025-06-09 14:47:17,172 INFO Software: PID: 24780, Name: explorer.exe, Username: DESKTOP-LM0QMOD\admin
2025-06-09 14:47:17,176 INFO Software: PID: 24820, Name: svchost.exe, Username: None
2025-06-09 14:47:17,176 INFO Software: PID: 24936, Name: Zalo.exe, Username: DESKTOP-LM0QMOD\admin
2025-06-09 14:47:17,177 INFO Software: PID: 24972, Name: Code.exe, Username: DESKTOP-LM0QMOD\admin
2025-06-09 14:47:17,177 INFO Software: PID: 24988, Name: chrome.exe, Username: DESKTOP-LM0QMOD\admin
2025-06-09 14:47:17,177 INFO Software: PID: 25392, Name: conhost.exe, Username: DESKTOP-LM0QMOD\admin
2025-06-09 14:47:17,177 INFO Software: PID: 26324, Name: RuntimeBroker.exe, Username: DESKTOP-LM0QMOD\admin
2025-06-09 14:47:17,181 INFO Software: PID: 26384, Name: csrss.exe, Username: None
2025-06-09 14:47:17,182 INFO Software: PID: 26484, Name: msedgewebview2.exe, Username: DESKTOP-LM0QMOD\admin
2025-06-09 14:47:17,186 INFO Software: PID: 26852, Name: TabTip.exe, Username: None
2025-06-09 14:47:17,186 INFO Software: PID: 26916, Name: svchost.exe, Username: DESKTOP-LM0QMOD\admin
2025-06-09 14:47:17,187 INFO Software: PID: 27020, Name: StartMenuExperienceHost.exe, Username: DESKTOP-LM0QMOD\admin
2025-06-09 14:47:17,187 INFO Software: PID: 27264, Name: RuntimeBroker.exe, Username: DESKTOP-LM0QMOD\admin
2025-06-09 14:47:17,187 INFO Software: PID: 27600, Name: chrome.exe, Username: DESKTOP-LM0QMOD\admin
2025-06-09 14:47:17,188 INFO Software: PID: 27656, Name: Code.exe, Username: DESKTOP-LM0QMOD\admin
2025-06-09 14:47:17,192 INFO Software: PID: 27780, Name: fontdrvhost.exe, Username: None
2025-06-09 14:47:17,192 INFO Software: PID: 27828, Name: SystemSettings.exe, Username: DESKTOP-LM0QMOD\admin
2025-06-09 14:47:17,197 INFO Software: PID: 28016, Name: SearchFilterHost.exe, Username: None
2025-06-09 14:47:17,197 INFO Software: PID: 28040, Name: ctfmon.exe, Username: DESKTOP-LM0QMOD\admin
2025-06-09 14:47:17,198 INFO Software: PID: 28048, Name: chrome.exe, Username: DESKTOP-LM0QMOD\admin
2025-06-09 14:47:17,201 INFO Software: PID: 28132, Name: svchost.exe, Username: None
2025-06-09 14:47:17,202 INFO Software: PID: 28192, Name: TextInputHost.exe, Username: DESKTOP-LM0QMOD\admin
2025-06-09 14:47:17,202 INFO Software: PID: 28344, Name: PushNotificationsLongRunningTask.exe, Username: DESKTOP-LM0QMOD\admin
2025-06-09 14:47:17,202 INFO Software: PID: 28732, Name: chrome.exe, Username: DESKTOP-LM0QMOD\admin
2025-06-09 14:47:17,203 INFO Software: PID: 28820, Name: CrossDeviceService.exe, Username: DESKTOP-LM0QMOD\admin
2025-06-09 14:47:17,203 INFO Software: PID: 28912, Name: chrome.exe, Username: DESKTOP-LM0QMOD\admin
2025-06-09 14:47:17,203 INFO Software: PID: 29132, Name: svchost.exe, Username: DESKTOP-LM0QMOD\admin
2025-06-09 14:47:17,207 INFO Software: PID: 29148, Name: WmiPrvSE.exe, Username: None
2025-06-09 14:47:17,212 INFO Software: PID: 29152, Name: svchost.exe, Username: None
2025-06-09 14:47:17,212 INFO Software: PID: 29220, Name: Code.exe, Username: DESKTOP-LM0QMOD\admin
2025-06-09 14:47:17,212 INFO Software: PID: 29224, Name: Widgets.exe, Username: DESKTOP-LM0QMOD\admin
2025-06-09 14:47:17,213 INFO Software: PID: 29532, Name: dllhost.exe, Username: DESKTOP-LM0QMOD\admin
2025-06-09 14:47:17,213 INFO Software: PID: 29560, Name: sihost.exe, Username: DESKTOP-LM0QMOD\admin
2025-06-09 14:47:17,217 INFO Software: PID: 29604, Name: dwm.exe, Username: None
2025-06-09 14:47:17,218 INFO System Monitor: ----------------------------------------
2025-06-09 14:48:17,226 INFO CPU: Usage: 5.7%
2025-06-09 14:48:17,226 INFO Memory: Usage: 49.9%
2025-06-09 14:48:17,227 INFO System Info: Hostname: DESKTOP-LM0QMOD
2025-06-09 14:48:17,227 INFO System Info: Operating System: Windows 11
2025-06-09 14:48:17,228 INFO System Info: Python Version: 3.13.2
2025-06-09 14:48:17,239 INFO Network: Bytes Sent: 104416734, Bytes Received: 1237277096
2025-06-09 14:48:17,239 INFO Software: Running Software:
2025-06-09 14:48:17,245 INFO Software: PID: 0, Name: System Idle Process, Username: NT AUTHORITY\SYSTEM
2025-06-09 14:48:17,245 INFO Software: PID: 4, Name: System, Username: NT AUTHORITY\SYSTEM
2025-06-09 14:48:17,245 INFO Software: PID: 236, Name: , Username: None
2025-06-09 14:48:17,246 INFO Software: PID: 280, Name: Registry, Username: None
2025-06-09 14:48:17,246 INFO Software: PID: 456, Name: Zalo.exe, Username: DESKTOP-LM0QMOD\admin
2025-06-09 14:48:17,246 INFO Software: PID: 764, Name: smss.exe, Username: None
2025-06-09 14:48:17,247 INFO Software: PID: 960, Name: NVDisplay.Container.exe, Username: None
2025-06-09 14:48:17,247 INFO Software: PID: 1080, Name: chrome.exe, Username: DESKTOP-LM0QMOD\admin
2025-06-09 14:48:17,247 INFO Software: PID: 1156, Name: svchost.exe, Username: None
2025-06-09 14:48:17,248 INFO Software: PID: 1168, Name: csrss.exe, Username: None
2025-06-09 14:48:17,248 INFO Software: PID: 1280, Name: wininit.exe, Username: None
2025-06-09 14:48:17,248 INFO Software: PID: 1352, Name: services.exe, Username: None
2025-06-09 14:48:17,248 INFO Software: PID: 1428, Name: LsaIso.exe, Username: None
2025-06-09 14:48:17,248 INFO Software: PID: 1436, Name: lsass.exe, Username: None
2025-06-09 14:48:17,248 INFO Software: PID: 1472, Name: SecurityHealthService.exe, Username: None
2025-06-09 14:48:17,248 INFO Software: PID: 1488, Name: chrome.exe, Username: DESKTOP-LM0QMOD\admin
2025-06-09 14:48:17,248 INFO Software: PID: 1592, Name: svchost.exe, Username: None
2025-06-09 14:48:17,248 INFO Software: PID: 1612, Name: svchost.exe, Username: None
2025-06-09 14:48:17,249 INFO Software: PID: 1632, Name: fontdrvhost.exe, Username: None
2025-06-09 14:48:17,249 INFO Software: PID: 1668, Name: WUDFHost.exe, Username: None
2025-06-09 14:48:17,249 INFO Software: PID: 1752, Name: svchost.exe, Username: None
2025-06-09 14:48:17,249 INFO Software: PID: 1808, Name: svchost.exe, Username: None
2025-06-09 14:48:17,249 INFO Software: PID: 1968, Name: svchost.exe, Username: None
2025-06-09 14:48:17,249 INFO Software: PID: 2024, Name: svchost.exe, Username: None
2025-06-09 14:48:17,249 INFO Software: PID: 2040, Name: svchost.exe, Username: None
2025-06-09 14:48:17,249 INFO Software: PID: 2132, Name: svchost.exe, Username: None
2025-06-09 14:48:17,249 INFO Software: PID: 2140, Name: svchost.exe, Username: None
2025-06-09 14:48:17,249 INFO Software: PID: 2240, Name: IntelCpHDCPSvc.exe, Username: None
2025-06-09 14:48:17,249 INFO Software: PID: 2248, Name: svchost.exe, Username: None
2025-06-09 14:48:17,249 INFO Software: PID: 2300, Name: svchost.exe, Username: None
2025-06-09 14:48:17,249 INFO Software: PID: 2308, Name: svchost.exe, Username: None
2025-06-09 14:48:17,250 INFO Software: PID: 2324, Name: svchost.exe, Username: None
2025-06-09 14:48:17,250 INFO Software: PID: 2332, Name: svchost.exe, Username: None
2025-06-09 14:48:17,250 INFO Software: PID: 2392, Name: svchost.exe, Username: None
2025-06-09 14:48:17,250 INFO Software: PID: 2572, Name: svchost.exe, Username: None
2025-06-09 14:48:17,250 INFO Software: PID: 2584, Name: svchost.exe, Username: None
2025-06-09 14:48:17,251 INFO Software: PID: 2684, Name: svchost.exe, Username: None
2025-06-09 14:48:17,251 INFO Software: PID: 2716, Name: svchost.exe, Username: None
2025-06-09 14:48:17,251 INFO Software: PID: 2848, Name: svchost.exe, Username: None
2025-06-09 14:48:17,251 INFO Software: PID: 2884, Name: NVDisplay.Container.exe, Username: None
2025-06-09 14:48:17,251 INFO Software: PID: 3020, Name: svchost.exe, Username: None
2025-06-09 14:48:17,251 INFO Software: PID: 3052, Name: svchost.exe, Username: None
2025-06-09 14:48:17,251 INFO Software: PID: 3080, Name: svchost.exe, Username: None
2025-06-09 14:48:17,251 INFO Software: PID: 3136, Name: WUDFHost.exe, Username: None
2025-06-09 14:48:17,251 INFO Software: PID: 3244, Name: MemCompression, Username: None
2025-06-09 14:48:17,252 INFO Software: PID: 3332, Name: svchost.exe, Username: None
2025-06-09 14:48:17,252 INFO Software: PID: 3384, Name: svchost.exe, Username: None
2025-06-09 14:48:17,252 INFO Software: PID: 3412, Name: svchost.exe, Username: None
2025-06-09 14:48:17,252 INFO Software: PID: 3452, Name: igfxCUIServiceN.exe, Username: None
2025-06-09 14:48:17,252 INFO Software: PID: 3520, Name: svchost.exe, Username: None
2025-06-09 14:48:17,252 INFO Software: PID: 3528, Name: svchost.exe, Username: None
2025-06-09 14:48:17,252 INFO Software: PID: 3616, Name: svchost.exe, Username: None
2025-06-09 14:48:17,253 INFO Software: PID: 3668, Name: LMS.exe, Username: None
2025-06-09 14:48:17,253 INFO Software: PID: 3696, Name: svchost.exe, Username: None
2025-06-09 14:48:17,253 INFO Software: PID: 3760, Name: svchost.exe, Username: None
2025-06-09 14:48:17,253 INFO Software: PID: 3808, Name: svchost.exe, Username: None
2025-06-09 14:48:17,253 INFO Software: PID: 3832, Name: svchost.exe, Username: None
2025-06-09 14:48:17,253 INFO Software: PID: 3996, Name: svchost.exe, Username: None
2025-06-09 14:48:17,253 INFO Software: PID: 4004, Name: svchost.exe, Username: None
2025-06-09 14:48:17,254 INFO Software: PID: 4012, Name: QHActiveDefense.exe, Username: None
2025-06-09 14:48:17,254 INFO Software: PID: 4068, Name: vmnat.exe, Username: None
2025-06-09 14:48:17,254 INFO Software: PID: 4204, Name: svchost.exe, Username: None
2025-06-09 14:48:17,254 INFO Software: PID: 4280, Name: svchost.exe, Username: None
2025-06-09 14:48:17,254 INFO Software: PID: 4304, Name: chrome.exe, Username: DESKTOP-LM0QMOD\admin
2025-06-09 14:48:17,254 INFO Software: PID: 4448, Name: svchost.exe, Username: None
2025-06-09 14:48:17,254 INFO Software: PID: 4504, Name: spoolsv.exe, Username: None
2025-06-09 14:48:17,254 INFO Software: PID: 4532, Name: svchost.exe, Username: None
2025-06-09 14:48:17,254 INFO Software: PID: 4580, Name: svchost.exe, Username: None
2025-06-09 14:48:17,255 INFO Software: PID: 4672, Name: chrome.exe, Username: DESKTOP-LM0QMOD\admin
2025-06-09 14:48:17,255 INFO Software: PID: 4780, Name: chrome.exe, Username: DESKTOP-LM0QMOD\admin
2025-06-09 14:48:17,255 INFO Software: PID: 4904, Name: svchost.exe, Username: None
2025-06-09 14:48:17,255 INFO Software: PID: 4912, Name: DtsApo4Service.exe, Username: None
2025-06-09 14:48:17,255 INFO Software: PID: 4920, Name: OfficeClickToRun.exe, Username: None
2025-06-09 14:48:17,255 INFO Software: PID: 4928, Name: jhi_service.exe, Username: None
2025-06-09 14:48:17,255 INFO Software: PID: 4940, Name: svchost.exe, Username: None
2025-06-09 14:48:17,255 INFO Software: PID: 4948, Name: svchost.exe, Username: None
2025-06-09 14:48:17,255 INFO Software: PID: 4980, Name: svchost.exe, Username: None
2025-06-09 14:48:17,255 INFO Software: PID: 4988, Name: svchost.exe, Username: None
2025-06-09 14:48:17,256 INFO Software: PID: 4996, Name: svchost.exe, Username: None
2025-06-09 14:48:17,256 INFO Software: PID: 5004, Name: sqlwriter.exe, Username: None
2025-06-09 14:48:17,256 INFO Software: PID: 5020, Name: svchost.exe, Username: None
2025-06-09 14:48:17,256 INFO Software: PID: 5028, Name: KillerAnalyticsService.exe, Username: None
2025-06-09 14:48:17,256 INFO Software: PID: 5036, Name: svchost.exe, Username: None
2025-06-09 14:48:17,256 INFO Software: PID: 5044, Name: RtkAudUService64.exe, Username: None
2025-06-09 14:48:17,256 INFO Software: PID: 5052, Name: vmnetdhcp.exe, Username: None
2025-06-09 14:48:17,256 INFO Software: PID: 5060, Name: RstMwService.exe, Username: None
2025-06-09 14:48:17,256 INFO Software: PID: 5068, Name: svchost.exe, Username: None
2025-06-09 14:48:17,256 INFO Software: PID: 5076, Name: svchost.exe, Username: None
2025-06-09 14:48:17,256 INFO Software: PID: 5084, Name: OneApp.IGCC.WinService.exe, Username: None
2025-06-09 14:48:17,257 INFO Software: PID: 5100, Name: servicehost.exe, Username: None
2025-06-09 14:48:17,257 INFO Software: PID: 5108, Name: IntelAudioService.exe, Username: None
2025-06-09 14:48:17,257 INFO Software: PID: 5164, Name: esif_uf.exe, Username: None
2025-06-09 14:48:17,257 INFO Software: PID: 5176, Name: TeamViewer_Service.exe, Username: None
2025-06-09 14:48:17,257 INFO Software: PID: 5192, Name: svchost.exe, Username: None
2025-06-09 14:48:17,257 INFO Software: PID: 5352, Name: chrome.exe, Username: DESKTOP-LM0QMOD\admin
2025-06-09 14:48:17,257 INFO Software: PID: 5424, Name: vmware-authd.exe, Username: None
2025-06-09 14:48:17,258 INFO Software: PID: 5444, Name: vmware-usbarbitrator64.exe, Username: None
2025-06-09 14:48:17,258 INFO Software: PID: 5536, Name: msedgewebview2.exe, Username: DESKTOP-LM0QMOD\admin
2025-06-09 14:48:17,258 INFO Software: PID: 5572, Name: KillerNetworkService.exe, Username: None
2025-06-09 14:48:17,258 INFO Software: PID: 5696, Name: svchost.exe, Username: None
2025-06-09 14:48:17,258 INFO Software: PID: 5732, Name: svchost.exe, Username: None
2025-06-09 14:48:17,258 INFO Software: PID: 5780, Name: svchost.exe, Username: None
2025-06-09 14:48:17,259 INFO Software: PID: 5804, Name: chrome.exe, Username: DESKTOP-LM0QMOD\admin
2025-06-09 14:48:17,259 INFO Software: PID: 5892, Name: svchost.exe, Username: None
2025-06-09 14:48:17,259 INFO Software: PID: 6052, Name: ShellHost.exe, Username: DESKTOP-LM0QMOD\admin
2025-06-09 14:48:17,259 INFO Software: PID: 6452, Name: sqlservr.exe, Username: None
2025-06-09 14:48:17,259 INFO Software: PID: 7200, Name: wpscloudsvr.exe, Username: DESKTOP-LM0QMOD\admin
2025-06-09 14:48:17,259 INFO Software: PID: 7264, Name: KAPSService.exe, Username: None
2025-06-09 14:48:17,259 INFO Software: PID: 7384, Name: SearchIndexer.exe, Username: None
2025-06-09 14:48:17,260 INFO Software: PID: 7528, Name: KAPS.exe, Username: None
2025-06-09 14:48:17,260 INFO Software: PID: 7548, Name: conhost.exe, Username: None
2025-06-09 14:48:17,260 INFO Software: PID: 7908, Name: ShellExperienceHost.exe, Username: DESKTOP-LM0QMOD\admin
2025-06-09 14:48:17,260 INFO Software: PID: 8292, Name: QHWatchdog.exe, Username: None
2025-06-09 14:48:17,260 INFO Software: PID: 8492, Name: ZaloCap.exe, Username: DESKTOP-LM0QMOD\admin
2025-06-09 14:48:17,260 INFO Software: PID: 8748, Name: AggregatorHost.exe, Username: None
2025-06-09 14:48:17,261 INFO Software: PID: 8788, Name: WidgetService.exe, Username: DESKTOP-LM0QMOD\admin
2025-06-09 14:48:17,261 INFO Software: PID: 8800, Name: svchost.exe, Username: None
2025-06-09 14:48:17,261 INFO Software: PID: 8844, Name: svchost.exe, Username: None
2025-06-09 14:48:17,261 INFO Software: PID: 9056, Name: svchost.exe, Username: None
2025-06-09 14:48:17,261 INFO Software: PID: 9080, Name: PhoneExperienceHost.exe, Username: DESKTOP-LM0QMOD\admin
2025-06-09 14:48:17,261 INFO Software: PID: 9136, Name: python.exe, Username: DESKTOP-LM0QMOD\admin
2025-06-09 14:48:17,261 INFO Software: PID: 9196, Name: svchost.exe, Username: None
2025-06-09 14:48:17,261 INFO Software: PID: 9608, Name: svchost.exe, Username: DESKTOP-LM0QMOD\admin
2025-06-09 14:48:17,262 INFO Software: PID: 10100, Name: WmiPrvSE.exe, Username: None
2025-06-09 14:48:17,262 INFO Software: PID: 10288, Name: svchost.exe, Username: None
2025-06-09 14:48:17,262 INFO Software: PID: 10296, Name: svchost.exe, Username: None
2025-06-09 14:48:17,262 INFO Software: PID: 10328, Name: svchost.exe, Username: None
2025-06-09 14:48:17,262 INFO Software: PID: 10488, Name: uihost.exe, Username: DESKTOP-LM0QMOD\admin
2025-06-09 14:48:17,262 INFO Software: PID: 10596, Name: backgroundTaskHost.exe, Username: DESKTOP-LM0QMOD\admin
2025-06-09 14:48:17,262 INFO Software: PID: 10964, Name: igfxEMN.exe, Username: DESKTOP-LM0QMOD\admin
2025-06-09 14:48:17,262 INFO Software: PID: 10984, Name: svchost.exe, Username: None
2025-06-09 14:48:17,263 INFO Software: PID: 11140, Name: svchost.exe, Username: DESKTOP-LM0QMOD\admin
2025-06-09 14:48:17,263 INFO Software: PID: 11144, Name: RuntimeBroker.exe, Username: DESKTOP-LM0QMOD\admin
2025-06-09 14:48:17,263 INFO Software: PID: 11984, Name: svchost.exe, Username: DESKTOP-LM0QMOD\admin
2025-06-09 14:48:17,263 INFO Software: PID: 12024, Name: Zalo.exe, Username: DESKTOP-LM0QMOD\admin
2025-06-09 14:48:17,263 INFO Software: PID: 12044, Name: svchost.exe, Username: None
2025-06-09 14:48:17,263 INFO Software: PID: 12744, Name: ApplicationFrameHost.exe, Username: DESKTOP-LM0QMOD\admin
2025-06-09 14:48:17,264 INFO Software: PID: 12860, Name: chrome.exe, Username: DESKTOP-LM0QMOD\admin
2025-06-09 14:48:17,264 INFO Software: PID: 12888, Name: winlogon.exe, Username: None
2025-06-09 14:48:17,264 INFO Software: PID: 13008, Name: chrome.exe, Username: DESKTOP-LM0QMOD\admin
2025-06-09 14:48:17,264 INFO Software: PID: 13172, Name: wlanext.exe, Username: None
2025-06-09 14:48:17,264 INFO Software: PID: 13340, Name: RtkAudUService64.exe, Username: DESKTOP-LM0QMOD\admin
2025-06-09 14:48:17,264 INFO Software: PID: 13448, Name: sqlservr.exe, Username: None
2025-06-09 14:48:17,264 INFO Software: PID: 13464, Name: wpscenter.exe, Username: DESKTOP-LM0QMOD\admin
2025-06-09 14:48:17,265 INFO Software: PID: 13488, Name: svchost.exe, Username: None
2025-06-09 14:48:17,265 INFO Software: PID: 13516, Name: svchost.exe, Username: None
2025-06-09 14:48:17,265 INFO Software: PID: 13596, Name: Code.exe, Username: DESKTOP-LM0QMOD\admin
2025-06-09 14:48:17,265 INFO Software: PID: 13952, Name: svchost.exe, Username: None
2025-06-09 14:48:17,265 INFO Software: PID: 14116, Name: QHSafeTray.exe, Username: DESKTOP-LM0QMOD\admin
2025-06-09 14:48:17,265 INFO Software: PID: 14508, Name: sqlservr.exe, Username: None
2025-06-09 14:48:17,265 INFO Software: PID: 15164, Name: sqlservr.exe, Username: None
2025-06-09 14:48:17,266 INFO Software: PID: 15452, Name: Code.exe, Username: DESKTOP-LM0QMOD\admin
2025-06-09 14:48:17,266 INFO Software: PID: 15468, Name: svchost.exe, Username: None
2025-06-09 14:48:17,266 INFO Software: PID: 15900, Name: svchost.exe, Username: None
2025-06-09 14:48:17,266 INFO Software: PID: 15988, Name: sqlceip.exe, Username: None
2025-06-09 14:48:17,266 INFO Software: PID: 15996, Name: svchost.exe, Username: None
2025-06-09 14:48:17,266 INFO Software: PID: 16072, Name: sqlceip.exe, Username: None
2025-06-09 14:48:17,266 INFO Software: PID: 16160, Name: sqlceip.exe, Username: None
2025-06-09 14:48:17,266 INFO Software: PID: 16324, Name: sqlceip.exe, Username: None
2025-06-09 14:48:17,266 INFO Software: PID: 16656, Name: WmiPrvSE.exe, Username: None
2025-06-09 14:48:17,267 INFO Software: PID: 17648, Name: RuntimeBroker.exe, Username: DESKTOP-LM0QMOD\admin
2025-06-09 14:48:17,267 INFO Software: PID: 18200, Name: SearchHost.exe, Username: DESKTOP-LM0QMOD\admin
2025-06-09 14:48:17,267 INFO Software: PID: 18312, Name: Code.exe, Username: DESKTOP-LM0QMOD\admin
2025-06-09 14:48:17,267 INFO Software: PID: 18404, Name: svchost.exe, Username: DESKTOP-LM0QMOD\admin
2025-06-09 14:48:17,267 INFO Software: PID: 18604, Name: UserOOBEBroker.exe, Username: DESKTOP-LM0QMOD\admin
2025-06-09 14:48:17,267 INFO Software: PID: 18828, Name: msedgewebview2.exe, Username: DESKTOP-LM0QMOD\admin
2025-06-09 14:48:17,268 INFO Software: PID: 18844, Name: RuntimeBroker.exe, Username: DESKTOP-LM0QMOD\admin
2025-06-09 14:48:17,268 INFO Software: PID: 18868, Name: RtkAudUService64.exe, Username: None
2025-06-09 14:48:17,268 INFO Software: PID: 19032, Name: Code.exe, Username: DESKTOP-LM0QMOD\admin
2025-06-09 14:48:17,268 INFO Software: PID: 19324, Name: Zalo.exe, Username: DESKTOP-LM0QMOD\admin
2025-06-09 14:48:17,268 INFO Software: PID: 19604, Name: msedgewebview2.exe, Username: DESKTOP-LM0QMOD\admin
2025-06-09 14:48:17,268 INFO Software: PID: 19608, Name: svchost.exe, Username: None
2025-06-09 14:48:17,268 INFO Software: PID: 19860, Name: svchost.exe, Username: None
2025-06-09 14:48:17,269 INFO Software: PID: 20208, Name: Zalo.exe, Username: DESKTOP-LM0QMOD\admin
2025-06-09 14:48:17,269 INFO Software: PID: 20624, Name: Code.exe, Username: DESKTOP-LM0QMOD\admin
2025-06-09 14:48:17,269 INFO Software: PID: 20880, Name: chrome.exe, Username: DESKTOP-LM0QMOD\admin
2025-06-09 14:48:17,269 INFO Software: PID: 20944, Name: svchost.exe, Username: DESKTOP-LM0QMOD\admin
2025-06-09 14:48:17,269 INFO Software: PID: 20984, Name: msedgewebview2.exe, Username: DESKTOP-LM0QMOD\admin
2025-06-09 14:48:17,269 INFO Software: PID: 21016, Name: SearchProtocolHost.exe, Username: None
2025-06-09 14:48:17,269 INFO Software: PID: 21380, Name: Code.exe, Username: DESKTOP-LM0QMOD\admin
2025-06-09 14:48:17,270 INFO Software: PID: 21500, Name: ZaloCall.exe, Username: DESKTOP-LM0QMOD\admin
2025-06-09 14:48:17,270 INFO Software: PID: 21680, Name: taskhostw.exe, Username: DESKTOP-LM0QMOD\admin
2025-06-09 14:48:17,270 INFO Software: PID: 21752, Name: Code.exe, Username: DESKTOP-LM0QMOD\admin
2025-06-09 14:48:17,270 INFO Software: PID: 21876, Name: audiodg.exe, Username: None
2025-06-09 14:48:17,270 INFO Software: PID: 21960, Name: svchost.exe, Username: DESKTOP-LM0QMOD\admin
2025-06-09 14:48:17,271 INFO Software: PID: 21968, Name: Zalo.exe, Username: DESKTOP-LM0QMOD\admin
2025-06-09 14:48:17,271 INFO Software: PID: 21996, Name: chrome.exe, Username: DESKTOP-LM0QMOD\admin
2025-06-09 14:48:17,271 INFO Software: PID: 22092, Name: Zalo.exe, Username: DESKTOP-LM0QMOD\admin
2025-06-09 14:48:17,271 INFO Software: PID: 22380, Name: powershell.exe, Username: DESKTOP-LM0QMOD\admin
2025-06-09 14:48:17,271 INFO Software: PID: 22640, Name: WmiPrvSE.exe, Username: None
2025-06-09 14:48:17,272 INFO Software: PID: 22648, Name: dllhost.exe, Username: DESKTOP-LM0QMOD\admin
2025-06-09 14:48:17,272 INFO Software: PID: 22784, Name: msedgewebview2.exe, Username: DESKTOP-LM0QMOD\admin
2025-06-09 14:48:17,272 INFO Software: PID: 22912, Name: svchost.exe, Username: None
2025-06-09 14:48:17,272 INFO Software: PID: 23672, Name: Code.exe, Username: DESKTOP-LM0QMOD\admin
2025-06-09 14:48:17,272 INFO Software: PID: 23812, Name: chrome.exe, Username: DESKTOP-LM0QMOD\admin
2025-06-09 14:48:17,273 INFO Software: PID: 23884, Name: SearchFilterHost.exe, Username: None
2025-06-09 14:48:17,273 INFO Software: PID: 24452, Name: SecurityHealthSystray.exe, Username: DESKTOP-LM0QMOD\admin
2025-06-09 14:48:17,273 INFO Software: PID: 24572, Name: chrome.exe, Username: DESKTOP-LM0QMOD\admin
2025-06-09 14:48:17,273 INFO Software: PID: 24780, Name: explorer.exe, Username: DESKTOP-LM0QMOD\admin
2025-06-09 14:48:17,273 INFO Software: PID: 24820, Name: svchost.exe, Username: None
2025-06-09 14:48:17,273 INFO Software: PID: 24936, Name: Zalo.exe, Username: DESKTOP-LM0QMOD\admin
2025-06-09 14:48:17,274 INFO Software: PID: 24972, Name: Code.exe, Username: DESKTOP-LM0QMOD\admin
2025-06-09 14:48:17,274 INFO Software: PID: 24988, Name: chrome.exe, Username: DESKTOP-LM0QMOD\admin
2025-06-09 14:48:17,274 INFO Software: PID: 25392, Name: conhost.exe, Username: DESKTOP-LM0QMOD\admin
2025-06-09 14:48:17,274 INFO Software: PID: 26324, Name: RuntimeBroker.exe, Username: DESKTOP-LM0QMOD\admin
2025-06-09 14:48:17,274 INFO Software: PID: 26384, Name: csrss.exe, Username: None
2025-06-09 14:48:17,274 INFO Software: PID: 26484, Name: msedgewebview2.exe, Username: DESKTOP-LM0QMOD\admin
2025-06-09 14:48:17,274 INFO Software: PID: 26852, Name: TabTip.exe, Username: None
2025-06-09 14:48:17,275 INFO Software: PID: 26916, Name: svchost.exe, Username: DESKTOP-LM0QMOD\admin
2025-06-09 14:48:17,275 INFO Software: PID: 27020, Name: StartMenuExperienceHost.exe, Username: DESKTOP-LM0QMOD\admin
2025-06-09 14:48:17,275 INFO Software: PID: 27264, Name: RuntimeBroker.exe, Username: DESKTOP-LM0QMOD\admin
2025-06-09 14:48:17,275 INFO Software: PID: 27600, Name: chrome.exe, Username: DESKTOP-LM0QMOD\admin
2025-06-09 14:48:17,275 INFO Software: PID: 27656, Name: Code.exe, Username: DESKTOP-LM0QMOD\admin
2025-06-09 14:48:17,275 INFO Software: PID: 27780, Name: fontdrvhost.exe, Username: None
2025-06-09 14:48:17,276 INFO Software: PID: 27828, Name: SystemSettings.exe, Username: DESKTOP-LM0QMOD\admin
2025-06-09 14:48:17,276 INFO Software: PID: 28016, Name: SearchFilterHost.exe, Username: None
2025-06-09 14:48:17,276 INFO Software: PID: 28040, Name: ctfmon.exe, Username: DESKTOP-LM0QMOD\admin
2025-06-09 14:48:17,276 INFO Software: PID: 28048, Name: chrome.exe, Username: DESKTOP-LM0QMOD\admin
2025-06-09 14:48:17,276 INFO Software: PID: 28132, Name: svchost.exe, Username: None
2025-06-09 14:48:17,276 INFO Software: PID: 28192, Name: TextInputHost.exe, Username: DESKTOP-LM0QMOD\admin
2025-06-09 14:48:17,277 INFO Software: PID: 28344, Name: PushNotificationsLongRunningTask.exe, Username: DESKTOP-LM0QMOD\admin
2025-06-09 14:48:17,277 INFO Software: PID: 28732, Name: chrome.exe, Username: DESKTOP-LM0QMOD\admin
2025-06-09 14:48:17,277 INFO Software: PID: 28820, Name: CrossDeviceService.exe, Username: DESKTOP-LM0QMOD\admin
2025-06-09 14:48:17,277 INFO Software: PID: 28912, Name: chrome.exe, Username: DESKTOP-LM0QMOD\admin
2025-06-09 14:48:17,277 INFO Software: PID: 29132, Name: svchost.exe, Username: DESKTOP-LM0QMOD\admin
2025-06-09 14:48:17,277 INFO Software: PID: 29148, Name: WmiPrvSE.exe, Username: None
2025-06-09 14:48:17,277 INFO Software: PID: 29152, Name: svchost.exe, Username: None
2025-06-09 14:48:17,278 INFO Software: PID: 29220, Name: Code.exe, Username: DESKTOP-LM0QMOD\admin
2025-06-09 14:48:17,278 INFO Software: PID: 29224, Name: Widgets.exe, Username: DESKTOP-LM0QMOD\admin
2025-06-09 14:48:17,278 INFO Software: PID: 29532, Name: dllhost.exe, Username: DESKTOP-LM0QMOD\admin
2025-06-09 14:48:17,278 INFO Software: PID: 29560, Name: sihost.exe, Username: DESKTOP-LM0QMOD\admin
2025-06-09 14:48:17,278 INFO Software: PID: 29604, Name: dwm.exe, Username: None
2025-06-09 14:48:17,279 INFO System Monitor: ----------------------------------------
2025-06-09 14:49:17,286 INFO CPU: Usage: 4.6%
2025-06-09 14:49:17,286 INFO Memory: Usage: 48.5%
2025-06-09 14:49:17,287 INFO System Info: Hostname: DESKTOP-LM0QMOD
2025-06-09 14:49:17,287 INFO System Info: Operating System: Windows 11
2025-06-09 14:49:17,287 INFO System Info: Python Version: 3.13.2
2025-06-09 14:49:17,297 INFO Network: Bytes Sent: 104591494, Bytes Received: 1245038343
2025-06-09 14:49:17,297 INFO Software: Running Software:
2025-06-09 14:49:17,302 INFO Software: PID: 0, Name: System Idle Process, Username: NT AUTHORITY\SYSTEM
2025-06-09 14:49:17,303 INFO Software: PID: 4, Name: System, Username: NT AUTHORITY\SYSTEM
2025-06-09 14:49:17,303 INFO Software: PID: 236, Name: , Username: None
2025-06-09 14:49:17,303 INFO Software: PID: 280, Name: Registry, Username: None
2025-06-09 14:49:17,303 INFO Software: PID: 456, Name: Zalo.exe, Username: DESKTOP-LM0QMOD\admin
2025-06-09 14:49:17,304 INFO Software: PID: 764, Name: smss.exe, Username: None
2025-06-09 14:49:17,304 INFO Software: PID: 960, Name: NVDisplay.Container.exe, Username: None
2025-06-09 14:49:17,304 INFO Software: PID: 1080, Name: chrome.exe, Username: DESKTOP-LM0QMOD\admin
2025-06-09 14:49:17,304 INFO Software: PID: 1156, Name: svchost.exe, Username: None
2025-06-09 14:49:17,304 INFO Software: PID: 1168, Name: csrss.exe, Username: None
2025-06-09 14:49:17,304 INFO Software: PID: 1280, Name: wininit.exe, Username: None
2025-06-09 14:49:17,305 INFO Software: PID: 1352, Name: services.exe, Username: None
2025-06-09 14:49:17,305 INFO Software: PID: 1428, Name: LsaIso.exe, Username: None
2025-06-09 14:49:17,305 INFO Software: PID: 1436, Name: lsass.exe, Username: None
2025-06-09 14:49:17,305 INFO Software: PID: 1472, Name: SecurityHealthService.exe, Username: None
2025-06-09 14:49:17,305 INFO Software: PID: 1488, Name: chrome.exe, Username: DESKTOP-LM0QMOD\admin
2025-06-09 14:49:17,305 INFO Software: PID: 1592, Name: svchost.exe, Username: None
2025-06-09 14:49:17,305 INFO Software: PID: 1612, Name: svchost.exe, Username: None
2025-06-09 14:49:17,306 INFO Software: PID: 1632, Name: fontdrvhost.exe, Username: None
2025-06-09 14:49:17,306 INFO Software: PID: 1668, Name: WUDFHost.exe, Username: None
2025-06-09 14:49:17,306 INFO Software: PID: 1752, Name: svchost.exe, Username: None
2025-06-09 14:49:17,306 INFO Software: PID: 1808, Name: svchost.exe, Username: None
2025-06-09 14:49:17,306 INFO Software: PID: 1968, Name: svchost.exe, Username: None
2025-06-09 14:49:17,306 INFO Software: PID: 2024, Name: svchost.exe, Username: None
2025-06-09 14:49:17,306 INFO Software: PID: 2040, Name: svchost.exe, Username: None
2025-06-09 14:49:17,306 INFO Software: PID: 2132, Name: svchost.exe, Username: None
2025-06-09 14:49:17,306 INFO Software: PID: 2140, Name: svchost.exe, Username: None
2025-06-09 14:49:17,307 INFO Software: PID: 2240, Name: IntelCpHDCPSvc.exe, Username: None
2025-06-09 14:49:17,307 INFO Software: PID: 2248, Name: svchost.exe, Username: None
2025-06-09 14:49:17,307 INFO Software: PID: 2300, Name: svchost.exe, Username: None
2025-06-09 14:49:17,307 INFO Software: PID: 2308, Name: svchost.exe, Username: None
2025-06-09 14:49:17,307 INFO Software: PID: 2324, Name: svchost.exe, Username: None
2025-06-09 14:49:17,307 INFO Software: PID: 2332, Name: svchost.exe, Username: None
2025-06-09 14:49:17,307 INFO Software: PID: 2392, Name: svchost.exe, Username: None
2025-06-09 14:49:17,307 INFO Software: PID: 2572, Name: svchost.exe, Username: None
2025-06-09 14:49:17,307 INFO Software: PID: 2584, Name: svchost.exe, Username: None
2025-06-09 14:49:17,307 INFO Software: PID: 2684, Name: svchost.exe, Username: None
2025-06-09 14:49:17,308 INFO Software: PID: 2716, Name: svchost.exe, Username: None
2025-06-09 14:49:17,308 INFO Software: PID: 2848, Name: svchost.exe, Username: None
2025-06-09 14:49:17,308 INFO Software: PID: 2884, Name: NVDisplay.Container.exe, Username: None
2025-06-09 14:49:17,308 INFO Software: PID: 3020, Name: svchost.exe, Username: None
2025-06-09 14:49:17,309 INFO Software: PID: 3052, Name: svchost.exe, Username: None
2025-06-09 14:49:17,309 INFO Software: PID: 3080, Name: svchost.exe, Username: None
2025-06-09 14:49:17,309 INFO Software: PID: 3136, Name: WUDFHost.exe, Username: None
2025-06-09 14:49:17,309 INFO Software: PID: 3244, Name: MemCompression, Username: None
2025-06-09 14:49:17,309 INFO Software: PID: 3332, Name: svchost.exe, Username: None
2025-06-09 14:49:17,309 INFO Software: PID: 3384, Name: svchost.exe, Username: None
2025-06-09 14:49:17,310 INFO Software: PID: 3412, Name: svchost.exe, Username: None
2025-06-09 14:49:17,310 INFO Software: PID: 3452, Name: igfxCUIServiceN.exe, Username: None
2025-06-09 14:49:17,310 INFO Software: PID: 3520, Name: svchost.exe, Username: None
2025-06-09 14:49:17,310 INFO Software: PID: 3528, Name: svchost.exe, Username: None
2025-06-09 14:49:17,310 INFO Software: PID: 3616, Name: svchost.exe, Username: None
2025-06-09 14:49:17,310 INFO Software: PID: 3668, Name: LMS.exe, Username: None
2025-06-09 14:49:17,310 INFO Software: PID: 3696, Name: svchost.exe, Username: None
2025-06-09 14:49:17,310 INFO Software: PID: 3760, Name: svchost.exe, Username: None
2025-06-09 14:49:17,310 INFO Software: PID: 3808, Name: svchost.exe, Username: None
2025-06-09 14:49:17,310 INFO Software: PID: 3832, Name: svchost.exe, Username: None
2025-06-09 14:49:17,310 INFO Software: PID: 3996, Name: svchost.exe, Username: None
2025-06-09 14:49:17,311 INFO Software: PID: 4004, Name: svchost.exe, Username: None
2025-06-09 14:49:17,311 INFO Software: PID: 4012, Name: QHActiveDefense.exe, Username: None
2025-06-09 14:49:17,311 INFO Software: PID: 4068, Name: vmnat.exe, Username: None
2025-06-09 14:49:17,311 INFO Software: PID: 4204, Name: svchost.exe, Username: None
2025-06-09 14:49:17,311 INFO Software: PID: 4280, Name: svchost.exe, Username: None
2025-06-09 14:49:17,311 INFO Software: PID: 4304, Name: chrome.exe, Username: DESKTOP-LM0QMOD\admin
2025-06-09 14:49:17,311 INFO Software: PID: 4448, Name: svchost.exe, Username: None
2025-06-09 14:49:17,311 INFO Software: PID: 4504, Name: spoolsv.exe, Username: None
2025-06-09 14:49:17,312 INFO Software: PID: 4532, Name: svchost.exe, Username: None
2025-06-09 14:49:17,312 INFO Software: PID: 4580, Name: svchost.exe, Username: None
2025-06-09 14:49:17,312 INFO Software: PID: 4672, Name: chrome.exe, Username: DESKTOP-LM0QMOD\admin
2025-06-09 14:49:17,312 INFO Software: PID: 4904, Name: svchost.exe, Username: None
2025-06-09 14:49:17,312 INFO Software: PID: 4912, Name: DtsApo4Service.exe, Username: None
2025-06-09 14:49:17,312 INFO Software: PID: 4920, Name: OfficeClickToRun.exe, Username: None
2025-06-09 14:49:17,312 INFO Software: PID: 4928, Name: jhi_service.exe, Username: None
2025-06-09 14:49:17,313 INFO Software: PID: 4940, Name: svchost.exe, Username: None
2025-06-09 14:49:17,313 INFO Software: PID: 4948, Name: svchost.exe, Username: None
2025-06-09 14:49:17,313 INFO Software: PID: 4980, Name: svchost.exe, Username: None
2025-06-09 14:49:17,313 INFO Software: PID: 4988, Name: svchost.exe, Username: None
2025-06-09 14:49:17,313 INFO Software: PID: 4996, Name: svchost.exe, Username: None
2025-06-09 14:49:17,313 INFO Software: PID: 5004, Name: sqlwriter.exe, Username: None
2025-06-09 14:49:17,313 INFO Software: PID: 5020, Name: svchost.exe, Username: None
2025-06-09 14:49:17,313 INFO Software: PID: 5028, Name: KillerAnalyticsService.exe, Username: None
2025-06-09 14:49:17,313 INFO Software: PID: 5036, Name: svchost.exe, Username: None
2025-06-09 14:49:17,313 INFO Software: PID: 5044, Name: RtkAudUService64.exe, Username: None
2025-06-09 14:49:17,313 INFO Software: PID: 5052, Name: vmnetdhcp.exe, Username: None
2025-06-09 14:49:17,314 INFO Software: PID: 5060, Name: RstMwService.exe, Username: None
2025-06-09 14:49:17,314 INFO Software: PID: 5068, Name: svchost.exe, Username: None
2025-06-09 14:49:17,314 INFO Software: PID: 5076, Name: svchost.exe, Username: None
2025-06-09 14:49:17,314 INFO Software: PID: 5084, Name: OneApp.IGCC.WinService.exe, Username: None
2025-06-09 14:49:17,314 INFO Software: PID: 5100, Name: servicehost.exe, Username: None
2025-06-09 14:49:17,314 INFO Software: PID: 5108, Name: IntelAudioService.exe, Username: None
2025-06-09 14:49:17,314 INFO Software: PID: 5164, Name: esif_uf.exe, Username: None
2025-06-09 14:49:17,314 INFO Software: PID: 5176, Name: TeamViewer_Service.exe, Username: None
2025-06-09 14:49:17,314 INFO Software: PID: 5192, Name: svchost.exe, Username: None
2025-06-09 14:49:17,314 INFO Software: PID: 5352, Name: chrome.exe, Username: DESKTOP-LM0QMOD\admin
2025-06-09 14:49:17,315 INFO Software: PID: 5424, Name: vmware-authd.exe, Username: None
2025-06-09 14:49:17,315 INFO Software: PID: 5444, Name: vmware-usbarbitrator64.exe, Username: None
2025-06-09 14:49:17,315 INFO Software: PID: 5536, Name: msedgewebview2.exe, Username: DESKTOP-LM0QMOD\admin
2025-06-09 14:49:17,315 INFO Software: PID: 5572, Name: KillerNetworkService.exe, Username: None
2025-06-09 14:49:17,315 INFO Software: PID: 5696, Name: svchost.exe, Username: None
2025-06-09 14:49:17,315 INFO Software: PID: 5732, Name: svchost.exe, Username: None
2025-06-09 14:49:17,315 INFO Software: PID: 5780, Name: svchost.exe, Username: None
2025-06-09 14:49:17,315 INFO Software: PID: 5892, Name: svchost.exe, Username: None
2025-06-09 14:49:17,315 INFO Software: PID: 6052, Name: ShellHost.exe, Username: DESKTOP-LM0QMOD\admin
2025-06-09 14:49:17,316 INFO Software: PID: 6452, Name: sqlservr.exe, Username: None
2025-06-09 14:49:17,316 INFO Software: PID: 7200, Name: wpscloudsvr.exe, Username: DESKTOP-LM0QMOD\admin
2025-06-09 14:49:17,316 INFO Software: PID: 7264, Name: KAPSService.exe, Username: None
2025-06-09 14:49:17,316 INFO Software: PID: 7384, Name: SearchIndexer.exe, Username: None
2025-06-09 14:49:17,316 INFO Software: PID: 7528, Name: KAPS.exe, Username: None
2025-06-09 14:49:17,316 INFO Software: PID: 7548, Name: conhost.exe, Username: None
2025-06-09 14:49:17,316 INFO Software: PID: 7908, Name: ShellExperienceHost.exe, Username: DESKTOP-LM0QMOD\admin
2025-06-09 14:49:17,316 INFO Software: PID: 8292, Name: QHWatchdog.exe, Username: None
2025-06-09 14:49:17,316 INFO Software: PID: 8492, Name: ZaloCap.exe, Username: DESKTOP-LM0QMOD\admin
2025-06-09 14:49:17,317 INFO Software: PID: 8524, Name: chrome.exe, Username: DESKTOP-LM0QMOD\admin
2025-06-09 14:49:17,317 INFO Software: PID: 8748, Name: AggregatorHost.exe, Username: None
2025-06-09 14:49:17,317 INFO Software: PID: 8788, Name: WidgetService.exe, Username: DESKTOP-LM0QMOD\admin
2025-06-09 14:49:17,317 INFO Software: PID: 8800, Name: svchost.exe, Username: None
2025-06-09 14:49:17,317 INFO Software: PID: 8844, Name: svchost.exe, Username: None
2025-06-09 14:49:17,317 INFO Software: PID: 9056, Name: svchost.exe, Username: None
2025-06-09 14:49:17,318 INFO Software: PID: 9080, Name: PhoneExperienceHost.exe, Username: DESKTOP-LM0QMOD\admin
2025-06-09 14:49:17,318 INFO Software: PID: 9136, Name: python.exe, Username: DESKTOP-LM0QMOD\admin
2025-06-09 14:49:17,318 INFO Software: PID: 9196, Name: svchost.exe, Username: None
2025-06-09 14:49:17,318 INFO Software: PID: 9608, Name: svchost.exe, Username: DESKTOP-LM0QMOD\admin
2025-06-09 14:49:17,318 INFO Software: PID: 10100, Name: WmiPrvSE.exe, Username: None
2025-06-09 14:49:17,318 INFO Software: PID: 10288, Name: svchost.exe, Username: None
2025-06-09 14:49:17,318 INFO Software: PID: 10296, Name: svchost.exe, Username: None
2025-06-09 14:49:17,319 INFO Software: PID: 10328, Name: svchost.exe, Username: None
2025-06-09 14:49:17,319 INFO Software: PID: 10488, Name: uihost.exe, Username: DESKTOP-LM0QMOD\admin
2025-06-09 14:49:17,319 INFO Software: PID: 10596, Name: backgroundTaskHost.exe, Username: DESKTOP-LM0QMOD\admin
2025-06-09 14:49:17,323 INFO Software: PID: 10896, Name: WmiPrvSE.exe, Username: None
2025-06-09 14:49:17,324 INFO Software: PID: 10964, Name: igfxEMN.exe, Username: DESKTOP-LM0QMOD\admin
2025-06-09 14:49:17,324 INFO Software: PID: 10984, Name: svchost.exe, Username: None
2025-06-09 14:49:17,324 INFO Software: PID: 11140, Name: svchost.exe, Username: DESKTOP-LM0QMOD\admin
2025-06-09 14:49:17,324 INFO Software: PID: 11144, Name: RuntimeBroker.exe, Username: DESKTOP-LM0QMOD\admin
2025-06-09 14:49:17,324 INFO Software: PID: 11984, Name: svchost.exe, Username: DESKTOP-LM0QMOD\admin
2025-06-09 14:49:17,325 INFO Software: PID: 12024, Name: Zalo.exe, Username: DESKTOP-LM0QMOD\admin
2025-06-09 14:49:17,325 INFO Software: PID: 12044, Name: svchost.exe, Username: None
2025-06-09 14:49:17,325 INFO Software: PID: 12472, Name: chrome.exe, Username: DESKTOP-LM0QMOD\admin
2025-06-09 14:49:17,325 INFO Software: PID: 12744, Name: ApplicationFrameHost.exe, Username: DESKTOP-LM0QMOD\admin
2025-06-09 14:49:17,325 INFO Software: PID: 12752, Name: chrome.exe, Username: DESKTOP-LM0QMOD\admin
2025-06-09 14:49:17,326 INFO Software: PID: 12860, Name: chrome.exe, Username: DESKTOP-LM0QMOD\admin
2025-06-09 14:49:17,326 INFO Software: PID: 12888, Name: winlogon.exe, Username: None
2025-06-09 14:49:17,326 INFO Software: PID: 13008, Name: chrome.exe, Username: DESKTOP-LM0QMOD\admin
2025-06-09 14:49:17,326 INFO Software: PID: 13172, Name: wlanext.exe, Username: None
2025-06-09 14:49:17,326 INFO Software: PID: 13340, Name: RtkAudUService64.exe, Username: DESKTOP-LM0QMOD\admin
2025-06-09 14:49:17,326 INFO Software: PID: 13448, Name: sqlservr.exe, Username: None
2025-06-09 14:49:17,326 INFO Software: PID: 13464, Name: wpscenter.exe, Username: DESKTOP-LM0QMOD\admin
2025-06-09 14:49:17,327 INFO Software: PID: 13488, Name: svchost.exe, Username: None
2025-06-09 14:49:17,327 INFO Software: PID: 13516, Name: svchost.exe, Username: None
2025-06-09 14:49:17,327 INFO Software: PID: 13596, Name: Code.exe, Username: DESKTOP-LM0QMOD\admin
2025-06-09 14:49:17,327 INFO Software: PID: 13952, Name: svchost.exe, Username: None
2025-06-09 14:49:17,327 INFO Software: PID: 14116, Name: QHSafeTray.exe, Username: DESKTOP-LM0QMOD\admin
2025-06-09 14:49:17,327 INFO Software: PID: 14508, Name: sqlservr.exe, Username: None
2025-06-09 14:49:17,327 INFO Software: PID: 15164, Name: sqlservr.exe, Username: None
2025-06-09 14:49:17,328 INFO Software: PID: 15452, Name: Code.exe, Username: DESKTOP-LM0QMOD\admin
2025-06-09 14:49:17,328 INFO Software: PID: 15468, Name: svchost.exe, Username: None
2025-06-09 14:49:17,328 INFO Software: PID: 15900, Name: svchost.exe, Username: None
2025-06-09 14:49:17,328 INFO Software: PID: 15988, Name: sqlceip.exe, Username: None
2025-06-09 14:49:17,328 INFO Software: PID: 15996, Name: svchost.exe, Username: None
2025-06-09 14:49:17,328 INFO Software: PID: 16072, Name: sqlceip.exe, Username: None
2025-06-09 14:49:17,328 INFO Software: PID: 16160, Name: sqlceip.exe, Username: None
2025-06-09 14:49:17,328 INFO Software: PID: 16324, Name: sqlceip.exe, Username: None
2025-06-09 14:49:17,328 INFO Software: PID: 16656, Name: WmiPrvSE.exe, Username: None
2025-06-09 14:49:17,328 INFO Software: PID: 17648, Name: RuntimeBroker.exe, Username: DESKTOP-LM0QMOD\admin
2025-06-09 14:49:17,329 INFO Software: PID: 18200, Name: SearchHost.exe, Username: DESKTOP-LM0QMOD\admin
2025-06-09 14:49:17,329 INFO Software: PID: 18312, Name: Code.exe, Username: DESKTOP-LM0QMOD\admin
2025-06-09 14:49:17,329 INFO Software: PID: 18404, Name: svchost.exe, Username: DESKTOP-LM0QMOD\admin
2025-06-09 14:49:17,329 INFO Software: PID: 18604, Name: UserOOBEBroker.exe, Username: DESKTOP-LM0QMOD\admin
2025-06-09 14:49:17,329 INFO Software: PID: 18828, Name: msedgewebview2.exe, Username: DESKTOP-LM0QMOD\admin
2025-06-09 14:49:17,329 INFO Software: PID: 18844, Name: RuntimeBroker.exe, Username: DESKTOP-LM0QMOD\admin
2025-06-09 14:49:17,330 INFO Software: PID: 18868, Name: RtkAudUService64.exe, Username: None
2025-06-09 14:49:17,330 INFO Software: PID: 19032, Name: Code.exe, Username: DESKTOP-LM0QMOD\admin
2025-06-09 14:49:17,330 INFO Software: PID: 19324, Name: Zalo.exe, Username: DESKTOP-LM0QMOD\admin
2025-06-09 14:49:17,330 INFO Software: PID: 19604, Name: msedgewebview2.exe, Username: DESKTOP-LM0QMOD\admin
2025-06-09 14:49:17,330 INFO Software: PID: 19860, Name: svchost.exe, Username: None
2025-06-09 14:49:17,330 INFO Software: PID: 20208, Name: Zalo.exe, Username: DESKTOP-LM0QMOD\admin
2025-06-09 14:49:17,331 INFO Software: PID: 20624, Name: Code.exe, Username: DESKTOP-LM0QMOD\admin
2025-06-09 14:49:17,331 INFO Software: PID: 20880, Name: chrome.exe, Username: DESKTOP-LM0QMOD\admin
2025-06-09 14:49:17,331 INFO Software: PID: 20944, Name: svchost.exe, Username: DESKTOP-LM0QMOD\admin
2025-06-09 14:49:17,331 INFO Software: PID: 20984, Name: msedgewebview2.exe, Username: DESKTOP-LM0QMOD\admin
2025-06-09 14:49:17,331 INFO Software: PID: 21380, Name: Code.exe, Username: DESKTOP-LM0QMOD\admin
2025-06-09 14:49:17,331 INFO Software: PID: 21500, Name: ZaloCall.exe, Username: DESKTOP-LM0QMOD\admin
2025-06-09 14:49:17,332 INFO Software: PID: 21680, Name: taskhostw.exe, Username: DESKTOP-LM0QMOD\admin
2025-06-09 14:49:17,332 INFO Software: PID: 21752, Name: Code.exe, Username: DESKTOP-LM0QMOD\admin
2025-06-09 14:49:17,332 INFO Software: PID: 21876, Name: audiodg.exe, Username: None
2025-06-09 14:49:17,332 INFO Software: PID: 21960, Name: svchost.exe, Username: DESKTOP-LM0QMOD\admin
2025-06-09 14:49:17,332 INFO Software: PID: 21968, Name: Zalo.exe, Username: DESKTOP-LM0QMOD\admin
2025-06-09 14:49:17,332 INFO Software: PID: 21996, Name: chrome.exe, Username: DESKTOP-LM0QMOD\admin
2025-06-09 14:49:17,333 INFO Software: PID: 22092, Name: Zalo.exe, Username: DESKTOP-LM0QMOD\admin
2025-06-09 14:49:17,333 INFO Software: PID: 22380, Name: powershell.exe, Username: DESKTOP-LM0QMOD\admin
2025-06-09 14:49:17,333 INFO Software: PID: 22648, Name: dllhost.exe, Username: DESKTOP-LM0QMOD\admin
2025-06-09 14:49:17,333 INFO Software: PID: 22784, Name: msedgewebview2.exe, Username: DESKTOP-LM0QMOD\admin
2025-06-09 14:49:17,333 INFO Software: PID: 22912, Name: svchost.exe, Username: None
2025-06-09 14:49:17,334 INFO Software: PID: 23672, Name: Code.exe, Username: DESKTOP-LM0QMOD\admin
2025-06-09 14:49:17,334 INFO Software: PID: 23812, Name: chrome.exe, Username: DESKTOP-LM0QMOD\admin
2025-06-09 14:49:17,334 INFO Software: PID: 24452, Name: SecurityHealthSystray.exe, Username: DESKTOP-LM0QMOD\admin
2025-06-09 14:49:17,334 INFO Software: PID: 24572, Name: chrome.exe, Username: DESKTOP-LM0QMOD\admin
2025-06-09 14:49:17,334 INFO Software: PID: 24780, Name: explorer.exe, Username: DESKTOP-LM0QMOD\admin
2025-06-09 14:49:17,334 INFO Software: PID: 24820, Name: svchost.exe, Username: None
2025-06-09 14:49:17,335 INFO Software: PID: 24936, Name: Zalo.exe, Username: DESKTOP-LM0QMOD\admin
2025-06-09 14:49:17,335 INFO Software: PID: 24972, Name: Code.exe, Username: DESKTOP-LM0QMOD\admin
2025-06-09 14:49:17,335 INFO Software: PID: 24988, Name: chrome.exe, Username: DESKTOP-LM0QMOD\admin
2025-06-09 14:49:17,335 INFO Software: PID: 25392, Name: conhost.exe, Username: DESKTOP-LM0QMOD\admin
2025-06-09 14:49:17,335 INFO Software: PID: 26324, Name: RuntimeBroker.exe, Username: DESKTOP-LM0QMOD\admin
2025-06-09 14:49:17,335 INFO Software: PID: 26384, Name: csrss.exe, Username: None
2025-06-09 14:49:17,336 INFO Software: PID: 26484, Name: msedgewebview2.exe, Username: DESKTOP-LM0QMOD\admin
2025-06-09 14:49:17,336 INFO Software: PID: 26852, Name: TabTip.exe, Username: None
2025-06-09 14:49:17,336 INFO Software: PID: 26916, Name: svchost.exe, Username: DESKTOP-LM0QMOD\admin
2025-06-09 14:49:17,336 INFO Software: PID: 27020, Name: StartMenuExperienceHost.exe, Username: DESKTOP-LM0QMOD\admin
2025-06-09 14:49:17,336 INFO Software: PID: 27264, Name: RuntimeBroker.exe, Username: DESKTOP-LM0QMOD\admin
2025-06-09 14:49:17,336 INFO Software: PID: 27600, Name: chrome.exe, Username: DESKTOP-LM0QMOD\admin
2025-06-09 14:49:17,336 INFO Software: PID: 27656, Name: Code.exe, Username: DESKTOP-LM0QMOD\admin
2025-06-09 14:49:17,337 INFO Software: PID: 27780, Name: fontdrvhost.exe, Username: None
2025-06-09 14:49:17,337 INFO Software: PID: 27828, Name: SystemSettings.exe, Username: DESKTOP-LM0QMOD\admin
2025-06-09 14:49:17,337 INFO Software: PID: 28040, Name: ctfmon.exe, Username: DESKTOP-LM0QMOD\admin
2025-06-09 14:49:17,337 INFO Software: PID: 28132, Name: svchost.exe, Username: None
2025-06-09 14:49:17,337 INFO Software: PID: 28192, Name: TextInputHost.exe, Username: DESKTOP-LM0QMOD\admin
2025-06-09 14:49:17,337 INFO Software: PID: 28344, Name: PushNotificationsLongRunningTask.exe, Username: DESKTOP-LM0QMOD\admin
2025-06-09 14:49:17,338 INFO Software: PID: 28732, Name: chrome.exe, Username: DESKTOP-LM0QMOD\admin
2025-06-09 14:49:17,338 INFO Software: PID: 28820, Name: CrossDeviceService.exe, Username: DESKTOP-LM0QMOD\admin
2025-06-09 14:49:17,338 INFO Software: PID: 29132, Name: svchost.exe, Username: DESKTOP-LM0QMOD\admin
2025-06-09 14:49:17,338 INFO Software: PID: 29148, Name: WmiPrvSE.exe, Username: None
2025-06-09 14:49:17,338 INFO Software: PID: 29152, Name: svchost.exe, Username: None
2025-06-09 14:49:17,338 INFO Software: PID: 29220, Name: Code.exe, Username: DESKTOP-LM0QMOD\admin
2025-06-09 14:49:17,338 INFO Software: PID: 29224, Name: Widgets.exe, Username: DESKTOP-LM0QMOD\admin
2025-06-09 14:49:17,339 INFO Software: PID: 29532, Name: dllhost.exe, Username: DESKTOP-LM0QMOD\admin
2025-06-09 14:49:17,339 INFO Software: PID: 29560, Name: sihost.exe, Username: DESKTOP-LM0QMOD\admin
2025-06-09 14:49:17,339 INFO Software: PID: 29604, Name: dwm.exe, Username: None
2025-06-09 14:49:17,339 INFO System Monitor: ----------------------------------------
2025-06-09 14:50:17,346 INFO CPU: Usage: 6.0%
2025-06-09 14:50:17,347 INFO Memory: Usage: 48.0%
2025-06-09 14:50:17,347 INFO System Info: Hostname: DESKTOP-LM0QMOD
2025-06-09 14:50:17,347 INFO System Info: Operating System: Windows 11
2025-06-09 14:50:17,347 INFO System Info: Python Version: 3.13.2
2025-06-09 14:50:17,356 INFO Network: Bytes Sent: 104834759, Bytes Received: 1250381639
2025-06-09 14:50:17,356 INFO Software: Running Software:
2025-06-09 14:50:17,360 INFO Software: PID: 0, Name: System Idle Process, Username: NT AUTHORITY\SYSTEM
2025-06-09 14:50:17,360 INFO Software: PID: 4, Name: System, Username: NT AUTHORITY\SYSTEM
2025-06-09 14:50:17,360 INFO Software: PID: 236, Name: , Username: None
2025-06-09 14:50:17,361 INFO Software: PID: 280, Name: Registry, Username: None
2025-06-09 14:50:17,361 INFO Software: PID: 456, Name: Zalo.exe, Username: DESKTOP-LM0QMOD\admin
2025-06-09 14:50:17,362 INFO Software: PID: 764, Name: smss.exe, Username: None
2025-06-09 14:50:17,362 INFO Software: PID: 960, Name: NVDisplay.Container.exe, Username: None
2025-06-09 14:50:17,362 INFO Software: PID: 1080, Name: chrome.exe, Username: DESKTOP-LM0QMOD\admin
2025-06-09 14:50:17,362 INFO Software: PID: 1156, Name: svchost.exe, Username: None
2025-06-09 14:50:17,362 INFO Software: PID: 1168, Name: csrss.exe, Username: None
2025-06-09 14:50:17,362 INFO Software: PID: 1280, Name: wininit.exe, Username: None
2025-06-09 14:50:17,363 INFO Software: PID: 1352, Name: services.exe, Username: None
2025-06-09 14:50:17,363 INFO Software: PID: 1428, Name: LsaIso.exe, Username: None
2025-06-09 14:50:17,363 INFO Software: PID: 1436, Name: lsass.exe, Username: None
2025-06-09 14:50:17,363 INFO Software: PID: 1472, Name: SecurityHealthService.exe, Username: None
2025-06-09 14:50:17,363 INFO Software: PID: 1488, Name: chrome.exe, Username: DESKTOP-LM0QMOD\admin
2025-06-09 14:50:17,363 INFO Software: PID: 1592, Name: svchost.exe, Username: None
2025-06-09 14:50:17,363 INFO Software: PID: 1612, Name: svchost.exe, Username: None
2025-06-09 14:50:17,364 INFO Software: PID: 1632, Name: fontdrvhost.exe, Username: None
2025-06-09 14:50:17,364 INFO Software: PID: 1668, Name: WUDFHost.exe, Username: None
2025-06-09 14:50:17,364 INFO Software: PID: 1752, Name: svchost.exe, Username: None
2025-06-09 14:50:17,364 INFO Software: PID: 1808, Name: svchost.exe, Username: None
2025-06-09 14:50:17,364 INFO Software: PID: 1968, Name: svchost.exe, Username: None
2025-06-09 14:50:17,364 INFO Software: PID: 2024, Name: svchost.exe, Username: None
2025-06-09 14:50:17,364 INFO Software: PID: 2040, Name: svchost.exe, Username: None
2025-06-09 14:50:17,364 INFO Software: PID: 2132, Name: svchost.exe, Username: None
2025-06-09 14:50:17,364 INFO Software: PID: 2140, Name: svchost.exe, Username: None
2025-06-09 14:50:17,364 INFO Software: PID: 2240, Name: IntelCpHDCPSvc.exe, Username: None
2025-06-09 14:50:17,364 INFO Software: PID: 2248, Name: svchost.exe, Username: None
2025-06-09 14:50:17,365 INFO Software: PID: 2300, Name: svchost.exe, Username: None
2025-06-09 14:50:17,365 INFO Software: PID: 2308, Name: svchost.exe, Username: None
2025-06-09 14:50:17,365 INFO Software: PID: 2324, Name: svchost.exe, Username: None
2025-06-09 14:50:17,365 INFO Software: PID: 2332, Name: svchost.exe, Username: None
2025-06-09 14:50:17,365 INFO Software: PID: 2392, Name: svchost.exe, Username: None
2025-06-09 14:50:17,365 INFO Software: PID: 2572, Name: svchost.exe, Username: None
2025-06-09 14:50:17,365 INFO Software: PID: 2584, Name: svchost.exe, Username: None
2025-06-09 14:50:17,365 INFO Software: PID: 2684, Name: svchost.exe, Username: None
2025-06-09 14:50:17,365 INFO Software: PID: 2716, Name: svchost.exe, Username: None
2025-06-09 14:50:17,365 INFO Software: PID: 2848, Name: svchost.exe, Username: None
2025-06-09 14:50:17,366 INFO Software: PID: 2884, Name: NVDisplay.Container.exe, Username: None
2025-06-09 14:50:17,366 INFO Software: PID: 3020, Name: svchost.exe, Username: None
2025-06-09 14:50:17,366 INFO Software: PID: 3052, Name: svchost.exe, Username: None
2025-06-09 14:50:17,366 INFO Software: PID: 3080, Name: svchost.exe, Username: None
2025-06-09 14:50:17,366 INFO Software: PID: 3136, Name: WUDFHost.exe, Username: None
2025-06-09 14:50:17,366 INFO Software: PID: 3244, Name: MemCompression, Username: None
2025-06-09 14:50:17,366 INFO Software: PID: 3332, Name: svchost.exe, Username: None
2025-06-09 14:50:17,366 INFO Software: PID: 3384, Name: svchost.exe, Username: None
2025-06-09 14:50:17,366 INFO Software: PID: 3412, Name: svchost.exe, Username: None
2025-06-09 14:50:17,366 INFO Software: PID: 3452, Name: igfxCUIServiceN.exe, Username: None
2025-06-09 14:50:17,366 INFO Software: PID: 3520, Name: svchost.exe, Username: None
2025-06-09 14:50:17,366 INFO Software: PID: 3528, Name: svchost.exe, Username: None
2025-06-09 14:50:17,366 INFO Software: PID: 3616, Name: svchost.exe, Username: None
2025-06-09 14:50:17,367 INFO Software: PID: 3668, Name: LMS.exe, Username: None
2025-06-09 14:50:17,367 INFO Software: PID: 3696, Name: svchost.exe, Username: None
2025-06-09 14:50:17,367 INFO Software: PID: 3760, Name: svchost.exe, Username: None
2025-06-09 14:50:17,367 INFO Software: PID: 3808, Name: svchost.exe, Username: None
2025-06-09 14:50:17,367 INFO Software: PID: 3832, Name: svchost.exe, Username: None
2025-06-09 14:50:17,367 INFO Software: PID: 3996, Name: svchost.exe, Username: None
2025-06-09 14:50:17,367 INFO Software: PID: 4004, Name: svchost.exe, Username: None
2025-06-09 14:50:17,367 INFO Software: PID: 4012, Name: QHActiveDefense.exe, Username: None
2025-06-09 14:50:17,367 INFO Software: PID: 4068, Name: vmnat.exe, Username: None
2025-06-09 14:50:17,367 INFO Software: PID: 4204, Name: svchost.exe, Username: None
2025-06-09 14:50:17,367 INFO Software: PID: 4280, Name: svchost.exe, Username: None
2025-06-09 14:50:17,368 INFO Software: PID: 4304, Name: chrome.exe, Username: DESKTOP-LM0QMOD\admin
2025-06-09 14:50:17,368 INFO Software: PID: 4448, Name: svchost.exe, Username: None
2025-06-09 14:50:17,368 INFO Software: PID: 4504, Name: spoolsv.exe, Username: None
2025-06-09 14:50:17,368 INFO Software: PID: 4532, Name: svchost.exe, Username: None
2025-06-09 14:50:17,368 INFO Software: PID: 4580, Name: svchost.exe, Username: None
2025-06-09 14:50:17,368 INFO Software: PID: 4672, Name: chrome.exe, Username: DESKTOP-LM0QMOD\admin
2025-06-09 14:50:17,368 INFO Software: PID: 4904, Name: svchost.exe, Username: None
2025-06-09 14:50:17,368 INFO Software: PID: 4912, Name: DtsApo4Service.exe, Username: None
2025-06-09 14:50:17,368 INFO Software: PID: 4920, Name: OfficeClickToRun.exe, Username: None
2025-06-09 14:50:17,369 INFO Software: PID: 4928, Name: jhi_service.exe, Username: None
2025-06-09 14:50:17,369 INFO Software: PID: 4940, Name: svchost.exe, Username: None
2025-06-09 14:50:17,369 INFO Software: PID: 4948, Name: svchost.exe, Username: None
2025-06-09 14:50:17,369 INFO Software: PID: 4980, Name: svchost.exe, Username: None
2025-06-09 14:50:17,369 INFO Software: PID: 4988, Name: svchost.exe, Username: None
2025-06-09 14:50:17,369 INFO Software: PID: 4996, Name: svchost.exe, Username: None
2025-06-09 14:50:17,369 INFO Software: PID: 5004, Name: sqlwriter.exe, Username: None
2025-06-09 14:50:17,369 INFO Software: PID: 5020, Name: svchost.exe, Username: None
2025-06-09 14:50:17,369 INFO Software: PID: 5028, Name: KillerAnalyticsService.exe, Username: None
2025-06-09 14:50:17,369 INFO Software: PID: 5036, Name: svchost.exe, Username: None
2025-06-09 14:50:17,369 INFO Software: PID: 5044, Name: RtkAudUService64.exe, Username: None
2025-06-09 14:50:17,369 INFO Software: PID: 5052, Name: vmnetdhcp.exe, Username: None
2025-06-09 14:50:17,370 INFO Software: PID: 5060, Name: RstMwService.exe, Username: None
2025-06-09 14:50:17,370 INFO Software: PID: 5068, Name: svchost.exe, Username: None
2025-06-09 14:50:17,370 INFO Software: PID: 5076, Name: svchost.exe, Username: None
2025-06-09 14:50:17,370 INFO Software: PID: 5084, Name: OneApp.IGCC.WinService.exe, Username: None
2025-06-09 14:50:17,370 INFO Software: PID: 5100, Name: servicehost.exe, Username: None
2025-06-09 14:50:17,370 INFO Software: PID: 5108, Name: IntelAudioService.exe, Username: None
2025-06-09 14:50:17,370 INFO Software: PID: 5164, Name: esif_uf.exe, Username: None
2025-06-09 14:50:17,370 INFO Software: PID: 5176, Name: TeamViewer_Service.exe, Username: None
2025-06-09 14:50:17,370 INFO Software: PID: 5192, Name: svchost.exe, Username: None
2025-06-09 14:50:17,370 INFO Software: PID: 5352, Name: chrome.exe, Username: DESKTOP-LM0QMOD\admin
2025-06-09 14:50:17,370 INFO Software: PID: 5424, Name: vmware-authd.exe, Username: None
2025-06-09 14:50:17,371 INFO Software: PID: 5444, Name: vmware-usbarbitrator64.exe, Username: None
2025-06-09 14:50:17,371 INFO Software: PID: 5536, Name: msedgewebview2.exe, Username: DESKTOP-LM0QMOD\admin
2025-06-09 14:50:17,371 INFO Software: PID: 5572, Name: KillerNetworkService.exe, Username: None
2025-06-09 14:50:17,371 INFO Software: PID: 5696, Name: svchost.exe, Username: None
2025-06-09 14:50:17,371 INFO Software: PID: 5732, Name: svchost.exe, Username: None
2025-06-09 14:50:17,371 INFO Software: PID: 5780, Name: svchost.exe, Username: None
2025-06-09 14:50:17,371 INFO Software: PID: 5892, Name: svchost.exe, Username: None
2025-06-09 14:50:17,371 INFO Software: PID: 6052, Name: ShellHost.exe, Username: DESKTOP-LM0QMOD\admin
2025-06-09 14:50:17,371 INFO Software: PID: 6452, Name: sqlservr.exe, Username: None
2025-06-09 14:50:17,372 INFO Software: PID: 7200, Name: wpscloudsvr.exe, Username: DESKTOP-LM0QMOD\admin
2025-06-09 14:50:17,372 INFO Software: PID: 7264, Name: KAPSService.exe, Username: None
2025-06-09 14:50:17,372 INFO Software: PID: 7384, Name: SearchIndexer.exe, Username: None
2025-06-09 14:50:17,372 INFO Software: PID: 7528, Name: KAPS.exe, Username: None
2025-06-09 14:50:17,372 INFO Software: PID: 7548, Name: conhost.exe, Username: None
2025-06-09 14:50:17,372 INFO Software: PID: 7908, Name: ShellExperienceHost.exe, Username: DESKTOP-LM0QMOD\admin
2025-06-09 14:50:17,372 INFO Software: PID: 8292, Name: QHWatchdog.exe, Username: None
2025-06-09 14:50:17,372 INFO Software: PID: 8492, Name: ZaloCap.exe, Username: DESKTOP-LM0QMOD\admin
2025-06-09 14:50:17,373 INFO Software: PID: 8524, Name: chrome.exe, Username: DESKTOP-LM0QMOD\admin
2025-06-09 14:50:17,373 INFO Software: PID: 8748, Name: AggregatorHost.exe, Username: None
2025-06-09 14:50:17,373 INFO Software: PID: 8788, Name: WidgetService.exe, Username: DESKTOP-LM0QMOD\admin
2025-06-09 14:50:17,373 INFO Software: PID: 8800, Name: svchost.exe, Username: None
2025-06-09 14:50:17,373 INFO Software: PID: 8844, Name: svchost.exe, Username: None
2025-06-09 14:50:17,373 INFO Software: PID: 9056, Name: svchost.exe, Username: None
2025-06-09 14:50:17,373 INFO Software: PID: 9080, Name: PhoneExperienceHost.exe, Username: DESKTOP-LM0QMOD\admin
2025-06-09 14:50:17,374 INFO Software: PID: 9136, Name: python.exe, Username: DESKTOP-LM0QMOD\admin
2025-06-09 14:50:17,374 INFO Software: PID: 9196, Name: svchost.exe, Username: None
2025-06-09 14:50:17,374 INFO Software: PID: 9608, Name: svchost.exe, Username: DESKTOP-LM0QMOD\admin
2025-06-09 14:50:17,374 INFO Software: PID: 10100, Name: WmiPrvSE.exe, Username: None
2025-06-09 14:50:17,374 INFO Software: PID: 10288, Name: svchost.exe, Username: None
2025-06-09 14:50:17,374 INFO Software: PID: 10296, Name: svchost.exe, Username: None
2025-06-09 14:50:17,374 INFO Software: PID: 10328, Name: svchost.exe, Username: None
2025-06-09 14:50:17,374 INFO Software: PID: 10488, Name: uihost.exe, Username: DESKTOP-LM0QMOD\admin
2025-06-09 14:50:17,375 INFO Software: PID: 10596, Name: backgroundTaskHost.exe, Username: DESKTOP-LM0QMOD\admin
2025-06-09 14:50:17,375 INFO Software: PID: 10896, Name: WmiPrvSE.exe, Username: None
2025-06-09 14:50:17,375 INFO Software: PID: 10964, Name: igfxEMN.exe, Username: DESKTOP-LM0QMOD\admin
2025-06-09 14:50:17,375 INFO Software: PID: 10984, Name: svchost.exe, Username: None
2025-06-09 14:50:17,375 INFO Software: PID: 11140, Name: svchost.exe, Username: DESKTOP-LM0QMOD\admin
2025-06-09 14:50:17,375 INFO Software: PID: 11144, Name: RuntimeBroker.exe, Username: DESKTOP-LM0QMOD\admin
2025-06-09 14:50:17,375 INFO Software: PID: 11984, Name: svchost.exe, Username: DESKTOP-LM0QMOD\admin
2025-06-09 14:50:17,376 INFO Software: PID: 12024, Name: Zalo.exe, Username: DESKTOP-LM0QMOD\admin
2025-06-09 14:50:17,376 INFO Software: PID: 12044, Name: svchost.exe, Username: None
2025-06-09 14:50:17,376 INFO Software: PID: 12744, Name: ApplicationFrameHost.exe, Username: DESKTOP-LM0QMOD\admin
2025-06-09 14:50:17,376 INFO Software: PID: 12752, Name: chrome.exe, Username: DESKTOP-LM0QMOD\admin
2025-06-09 14:50:17,376 INFO Software: PID: 12860, Name: chrome.exe, Username: DESKTOP-LM0QMOD\admin
2025-06-09 14:50:17,376 INFO Software: PID: 12888, Name: winlogon.exe, Username: None
2025-06-09 14:50:17,376 INFO Software: PID: 13008, Name: chrome.exe, Username: DESKTOP-LM0QMOD\admin
2025-06-09 14:50:17,377 INFO Software: PID: 13172, Name: wlanext.exe, Username: None
2025-06-09 14:50:17,377 INFO Software: PID: 13340, Name: RtkAudUService64.exe, Username: DESKTOP-LM0QMOD\admin
2025-06-09 14:50:17,377 INFO Software: PID: 13448, Name: sqlservr.exe, Username: None
2025-06-09 14:50:17,377 INFO Software: PID: 13464, Name: wpscenter.exe, Username: DESKTOP-LM0QMOD\admin
2025-06-09 14:50:17,377 INFO Software: PID: 13488, Name: svchost.exe, Username: None
2025-06-09 14:50:17,377 INFO Software: PID: 13516, Name: svchost.exe, Username: None
2025-06-09 14:50:17,377 INFO Software: PID: 13596, Name: Code.exe, Username: DESKTOP-LM0QMOD\admin
2025-06-09 14:50:17,378 INFO Software: PID: 13952, Name: svchost.exe, Username: None
2025-06-09 14:50:17,378 INFO Software: PID: 14116, Name: QHSafeTray.exe, Username: DESKTOP-LM0QMOD\admin
2025-06-09 14:50:17,378 INFO Software: PID: 14508, Name: sqlservr.exe, Username: None
2025-06-09 14:50:17,378 INFO Software: PID: 15164, Name: sqlservr.exe, Username: None
2025-06-09 14:50:17,378 INFO Software: PID: 15452, Name: Code.exe, Username: DESKTOP-LM0QMOD\admin
2025-06-09 14:50:17,378 INFO Software: PID: 15468, Name: svchost.exe, Username: None
2025-06-09 14:50:17,378 INFO Software: PID: 15900, Name: svchost.exe, Username: None
2025-06-09 14:50:17,378 INFO Software: PID: 15988, Name: sqlceip.exe, Username: None
2025-06-09 14:50:17,378 INFO Software: PID: 15996, Name: svchost.exe, Username: None
2025-06-09 14:50:17,379 INFO Software: PID: 16072, Name: sqlceip.exe, Username: None
2025-06-09 14:50:17,379 INFO Software: PID: 16160, Name: sqlceip.exe, Username: None
2025-06-09 14:50:17,379 INFO Software: PID: 16324, Name: sqlceip.exe, Username: None
2025-06-09 14:50:17,379 INFO Software: PID: 16656, Name: WmiPrvSE.exe, Username: None
2025-06-09 14:50:17,379 INFO Software: PID: 17648, Name: RuntimeBroker.exe, Username: DESKTOP-LM0QMOD\admin
2025-06-09 14:50:17,379 INFO Software: PID: 18200, Name: SearchHost.exe, Username: DESKTOP-LM0QMOD\admin
2025-06-09 14:50:17,379 INFO Software: PID: 18312, Name: Code.exe, Username: DESKTOP-LM0QMOD\admin
2025-06-09 14:50:17,380 INFO Software: PID: 18404, Name: svchost.exe, Username: DESKTOP-LM0QMOD\admin
2025-06-09 14:50:17,380 INFO Software: PID: 18604, Name: UserOOBEBroker.exe, Username: DESKTOP-LM0QMOD\admin
2025-06-09 14:50:17,380 INFO Software: PID: 18828, Name: msedgewebview2.exe, Username: DESKTOP-LM0QMOD\admin
2025-06-09 14:50:17,380 INFO Software: PID: 18844, Name: RuntimeBroker.exe, Username: DESKTOP-LM0QMOD\admin
2025-06-09 14:50:17,380 INFO Software: PID: 18868, Name: RtkAudUService64.exe, Username: None
2025-06-09 14:50:17,380 INFO Software: PID: 19032, Name: Code.exe, Username: DESKTOP-LM0QMOD\admin
2025-06-09 14:50:17,381 INFO Software: PID: 19324, Name: Zalo.exe, Username: DESKTOP-LM0QMOD\admin
2025-06-09 14:50:17,381 INFO Software: PID: 19604, Name: msedgewebview2.exe, Username: DESKTOP-LM0QMOD\admin
2025-06-09 14:50:17,381 INFO Software: PID: 20208, Name: Zalo.exe, Username: DESKTOP-LM0QMOD\admin
2025-06-09 14:50:17,381 INFO Software: PID: 20624, Name: Code.exe, Username: DESKTOP-LM0QMOD\admin
2025-06-09 14:50:17,381 INFO Software: PID: 20880, Name: chrome.exe, Username: DESKTOP-LM0QMOD\admin
2025-06-09 14:50:17,381 INFO Software: PID: 20944, Name: svchost.exe, Username: DESKTOP-LM0QMOD\admin
2025-06-09 14:50:17,382 INFO Software: PID: 20984, Name: msedgewebview2.exe, Username: DESKTOP-LM0QMOD\admin
2025-06-09 14:50:17,382 INFO Software: PID: 21380, Name: Code.exe, Username: DESKTOP-LM0QMOD\admin
2025-06-09 14:50:17,382 INFO Software: PID: 21500, Name: ZaloCall.exe, Username: DESKTOP-LM0QMOD\admin
2025-06-09 14:50:17,382 INFO Software: PID: 21680, Name: taskhostw.exe, Username: DESKTOP-LM0QMOD\admin
2025-06-09 14:50:17,382 INFO Software: PID: 21752, Name: Code.exe, Username: DESKTOP-LM0QMOD\admin
2025-06-09 14:50:17,382 INFO Software: PID: 21876, Name: audiodg.exe, Username: None
2025-06-09 14:50:17,383 INFO Software: PID: 21960, Name: svchost.exe, Username: DESKTOP-LM0QMOD\admin
2025-06-09 14:50:17,383 INFO Software: PID: 21968, Name: Zalo.exe, Username: DESKTOP-LM0QMOD\admin
2025-06-09 14:50:17,383 INFO Software: PID: 21996, Name: chrome.exe, Username: DESKTOP-LM0QMOD\admin
2025-06-09 14:50:17,383 INFO Software: PID: 22092, Name: Zalo.exe, Username: DESKTOP-LM0QMOD\admin
2025-06-09 14:50:17,383 INFO Software: PID: 22380, Name: powershell.exe, Username: DESKTOP-LM0QMOD\admin
2025-06-09 14:50:17,383 INFO Software: PID: 22648, Name: dllhost.exe, Username: DESKTOP-LM0QMOD\admin
2025-06-09 14:50:17,384 INFO Software: PID: 22784, Name: msedgewebview2.exe, Username: DESKTOP-LM0QMOD\admin
2025-06-09 14:50:17,384 INFO Software: PID: 22912, Name: svchost.exe, Username: None
2025-06-09 14:50:17,384 INFO Software: PID: 23672, Name: Code.exe, Username: DESKTOP-LM0QMOD\admin
2025-06-09 14:50:17,384 INFO Software: PID: 23812, Name: chrome.exe, Username: DESKTOP-LM0QMOD\admin
2025-06-09 14:50:17,388 INFO Software: PID: 23832, Name: svchost.exe, Username: None
2025-06-09 14:50:17,388 INFO Software: PID: 24452, Name: SecurityHealthSystray.exe, Username: DESKTOP-LM0QMOD\admin
2025-06-09 14:50:17,388 INFO Software: PID: 24572, Name: chrome.exe, Username: DESKTOP-LM0QMOD\admin
2025-06-09 14:50:17,389 INFO Software: PID: 24780, Name: explorer.exe, Username: DESKTOP-LM0QMOD\admin
2025-06-09 14:50:17,389 INFO Software: PID: 24820, Name: svchost.exe, Username: None
2025-06-09 14:50:17,389 INFO Software: PID: 24936, Name: Zalo.exe, Username: DESKTOP-LM0QMOD\admin
2025-06-09 14:50:17,389 INFO Software: PID: 24972, Name: Code.exe, Username: DESKTOP-LM0QMOD\admin
2025-06-09 14:50:17,389 INFO Software: PID: 24988, Name: chrome.exe, Username: DESKTOP-LM0QMOD\admin
2025-06-09 14:50:17,389 INFO Software: PID: 25392, Name: conhost.exe, Username: DESKTOP-LM0QMOD\admin
2025-06-09 14:50:17,390 INFO Software: PID: 26324, Name: RuntimeBroker.exe, Username: DESKTOP-LM0QMOD\admin
2025-06-09 14:50:17,390 INFO Software: PID: 26384, Name: csrss.exe, Username: None
2025-06-09 14:50:17,390 INFO Software: PID: 26484, Name: msedgewebview2.exe, Username: DESKTOP-LM0QMOD\admin
2025-06-09 14:50:17,390 INFO Software: PID: 26852, Name: TabTip.exe, Username: None
2025-06-09 14:50:17,390 INFO Software: PID: 26916, Name: svchost.exe, Username: DESKTOP-LM0QMOD\admin
2025-06-09 14:50:17,390 INFO Software: PID: 27020, Name: StartMenuExperienceHost.exe, Username: DESKTOP-LM0QMOD\admin
2025-06-09 14:50:17,390 INFO Software: PID: 27264, Name: RuntimeBroker.exe, Username: DESKTOP-LM0QMOD\admin
2025-06-09 14:50:17,391 INFO Software: PID: 27600, Name: chrome.exe, Username: DESKTOP-LM0QMOD\admin
2025-06-09 14:50:17,391 INFO Software: PID: 27656, Name: Code.exe, Username: DESKTOP-LM0QMOD\admin
2025-06-09 14:50:17,391 INFO Software: PID: 27780, Name: fontdrvhost.exe, Username: None
2025-06-09 14:50:17,391 INFO Software: PID: 27828, Name: SystemSettings.exe, Username: DESKTOP-LM0QMOD\admin
2025-06-09 14:50:17,391 INFO Software: PID: 28040, Name: ctfmon.exe, Username: DESKTOP-LM0QMOD\admin
2025-06-09 14:50:17,391 INFO Software: PID: 28132, Name: svchost.exe, Username: None
2025-06-09 14:50:17,391 INFO Software: PID: 28192, Name: TextInputHost.exe, Username: DESKTOP-LM0QMOD\admin
2025-06-09 14:50:17,392 INFO Software: PID: 28344, Name: PushNotificationsLongRunningTask.exe, Username: DESKTOP-LM0QMOD\admin
2025-06-09 14:50:17,392 INFO Software: PID: 28732, Name: chrome.exe, Username: DESKTOP-LM0QMOD\admin
2025-06-09 14:50:17,392 INFO Software: PID: 28820, Name: CrossDeviceService.exe, Username: DESKTOP-LM0QMOD\admin
2025-06-09 14:50:17,392 INFO Software: PID: 28892, Name: SDXHelper.exe, Username: DESKTOP-LM0QMOD\admin
2025-06-09 14:50:17,392 INFO Software: PID: 29132, Name: svchost.exe, Username: DESKTOP-LM0QMOD\admin
2025-06-09 14:50:17,392 INFO Software: PID: 29148, Name: WmiPrvSE.exe, Username: None
2025-06-09 14:50:17,393 INFO Software: PID: 29152, Name: svchost.exe, Username: None
2025-06-09 14:50:17,393 INFO Software: PID: 29220, Name: Code.exe, Username: DESKTOP-LM0QMOD\admin
2025-06-09 14:50:17,393 INFO Software: PID: 29224, Name: Widgets.exe, Username: DESKTOP-LM0QMOD\admin
2025-06-09 14:50:17,393 INFO Software: PID: 29532, Name: dllhost.exe, Username: DESKTOP-LM0QMOD\admin
2025-06-09 14:50:17,393 INFO Software: PID: 29560, Name: sihost.exe, Username: DESKTOP-LM0QMOD\admin
2025-06-09 14:50:17,393 INFO Software: PID: 29604, Name: dwm.exe, Username: None
2025-06-09 14:50:17,394 INFO System Monitor: ----------------------------------------
